11.2498 	WARNING 	Monitor specification not found. Creating a temporary one...
11.3008 	WARNING 	User requested fullscreen with size [1280  720], but screen is actually [1920, 1200]. Using actual size
11.9166 	EXP 	Created window1 = Window(allowGUI=False, allowStencil=False, autoLog=True, backendConf=UNKNOWN, backgroundFit=<method-wrapper '__getattribute__' of attributeSetter object at 0x7f81f05bd850>, backgroundImage=<method-wrapper '__getattribute__' of attributeSetter object at 0x7f81f05bf610>, bitsMode=UNKNOWN, blendMode='avg', bpc=(8, 8, 8), color=array([-1, -1, -1]), colorSpace='rgb', depthBits=8, fullscr=True, gamma=None, gammaErrorPolicy='raise', infoMsg=UNKNOWN, lms=UNKNOWN, monitor=<psychopy.monitors.calibTools.Monitor object at 0x7f81e98e4790>, multiSample=False, name='window1', numSamples=2, pos=[np.float64(0.0), np.float64(0.0)], screen=0, size=array([1920, 1200]), stencilBits=0, stereo=False, title='PsychoPy', units='pix', useFBO=False, useRetina=False, viewOri=0.0, viewPos=None, viewScale=None, waitBlanking=True, winType='pyglet')
11.9167 	EXP 	window1: backgroundImage = None
11.9167 	EXP 	window1: backgroundFit = 'cover'
11.9447 	EXP 	Created unnamed TextStim = TextStim(__class__=<class 'psychopy.visual.text.TextStim'>, alignHoriz=method-wrapper(...), alignText='center', alignVert=method-wrapper(...), anchorHoriz='center', anchorVert='center', antialias=True, autoDraw=False, autoLog=True, bold=False, color=array([1., 1., 1.]), colorSpace='rgb', contrast=1.0, depth=0, draggable=False, flipHoriz=False, flipVert=False, font='', fontFiles=[], height=np.float64(100.0), italic=False, languageStyle='LTR', name='unnamed TextStim', opacity=1.0, ori=0.0, pos=array([0., 0.]), rgb=UNKNOWN, text='+', units='pix', win=Window(...), wrapWidth=500)
11.9464 	EXP 	Created unnamed TextStim = TextStim(__class__=<class 'psychopy.visual.text.TextStim'>, alignHoriz=method-wrapper(...), alignText='center', alignVert=method-wrapper(...), anchorHoriz='center', anchorVert='center', antialias=True, autoDraw=False, autoLog=True, bold=False, color=array([1., 1., 1.]), colorSpace='rgb', contrast=1.0, depth=0, draggable=False, flipHoriz=False, flipVert=False, font='', fontFiles=[], height=60, italic=False, languageStyle='LTR', name='unnamed TextStim', opacity=1.0, ori=0.0, pos=array([0., 0.]), rgb=UNKNOWN, text='', units='pix', win=Window(...), wrapWidth=1100)
11.9475 	EXP 	Created unnamed TextStim = TextStim(__class__=<class 'psychopy.visual.text.TextStim'>, alignHoriz=method-wrapper(...), alignText='center', alignVert=method-wrapper(...), anchorHoriz='center', anchorVert='center', antialias=True, autoDraw=False, autoLog=True, bold=False, color=array([1., 1., 1.]), colorSpace='rgb', contrast=1.0, depth=0, draggable=False, flipHoriz=False, flipVert=False, font='', fontFiles=[], height=100, italic=False, languageStyle='LTR', name='unnamed TextStim', opacity=1.0, ori=0.0, pos=array([   0., -400.]), rgb=UNKNOWN, text='', units='pix', win=Window(...), wrapWidth=600)
11.9491 	EXP 	Created unnamed ImageStim = ImageStim(__class__=<class 'psychopy.visual.image.ImageStim'>, anchor=('center', 'center'), autoLog=True, color=array([1., 1., 1.]), colorSpace='rgb', contrast=1.0, depth=0, draggable=False, flipHoriz=np.False_, flipVert=np.False_, image=None, interpolate=False, mask=None, maskParams=None, name='unnamed ImageStim', opacity=1, ori=0.0, pos=array([0., 0.]), size=array([600., 600.]), texRes=128, units='pix', win=Window(...))
11.9504 	EXP 	Created unnamed ImageStim = ImageStim(__class__=<class 'psychopy.visual.image.ImageStim'>, anchor=('center', 'center'), autoLog=True, color=array([1., 1., 1.]), colorSpace='rgb', contrast=1.0, depth=0, draggable=False, flipHoriz=np.False_, flipVert=np.False_, image=None, interpolate=False, mask=None, maskParams=None, name='unnamed ImageStim', opacity=1, ori=0.0, pos=array([0., 0.]), size=array([600., 398.]), texRes=128, units='pix', win=Window(...))
11.9517 	EXP 	Created unnamed ImageStim = ImageStim(__class__=<class 'psychopy.visual.image.ImageStim'>, anchor=('center', 'center'), autoLog=True, color=array([1., 1., 1.]), colorSpace='rgb', contrast=1.0, depth=0, draggable=False, flipHoriz=np.False_, flipVert=np.False_, image=None, interpolate=False, mask=None, maskParams=None, name='unnamed ImageStim', opacity=1, ori=0.0, pos=array([0., 0.]), size=array([1224.,  987.]), texRes=128, units='pix', win=Window(...))
11.9564 	EXP 	Created unnamed TextStim = TextStim(__class__=<class 'psychopy.visual.text.TextStim'>, alignHoriz=method-wrapper(...), alignText='center', alignVert=method-wrapper(...), anchorHoriz='center', anchorVert='center', antialias=True, autoDraw=False, autoLog=True, bold=False, color=array([1., 1., 1.]), colorSpace='rgb', contrast=1.0, depth=0, draggable=False, flipHoriz=False, flipVert=False, font='', fontFiles=[], height=np.float64(40.0), italic=False, languageStyle='LTR', name='unnamed TextStim', opacity=1.0, ori=0.0, pos=array([-340., -490.]), rgb=UNKNOWN, text='1 = Ja', units='pix', win=Window(...), wrapWidth=500)
11.9600 	EXP 	Created unnamed TextStim = TextStim(__class__=<class 'psychopy.visual.text.TextStim'>, alignHoriz=method-wrapper(...), alignText='center', alignVert=method-wrapper(...), anchorHoriz='center', anchorVert='center', antialias=True, autoDraw=False, autoLog=True, bold=False, color=array([1., 1., 1.]), colorSpace='rgb', contrast=1.0, depth=0, draggable=False, flipHoriz=False, flipVert=False, font='', fontFiles=[], height=np.float64(40.0), italic=False, languageStyle='LTR', name='unnamed TextStim', opacity=1.0, ori=0.0, pos=array([ 340., -490.]), rgb=UNKNOWN, text='2 = Nein', units='pix', win=Window(...), wrapWidth=500)
11.9614 	EXP 	Created unnamed ImageStim = ImageStim(__class__=<class 'psychopy.visual.image.ImageStim'>, anchor=('center', 'center'), autoLog=True, color=array([1., 1., 1.]), colorSpace='rgb', contrast=1.0, depth=0, draggable=False, flipHoriz=np.False_, flipVert=np.False_, image=None, interpolate=False, mask=None, maskParams=None, name='unnamed ImageStim', opacity=1, ori=0.0, pos=array([0., 0.]), size=array([1280.,  720.]), texRes=128, units='pix', win=Window(...))
11.9693 	EXP 	Created unnamed TextStim = TextStim(__class__=<class 'psychopy.visual.text.TextStim'>, alignHoriz=method-wrapper(...), alignText='center', alignVert=method-wrapper(...), anchorHoriz='center', anchorVert='center', antialias=True, autoDraw=False, autoLog=True, bold=False, color=array([1., 1., 1.]), colorSpace='rgb', contrast=1.0, depth=0, draggable=False, flipHoriz=False, flipVert=False, font='', fontFiles=[], height=np.float64(50.0), italic=False, languageStyle='LTR', name='unnamed TextStim', opacity=1.0, ori=0.0, pos=array([0., 0.]), rgb=UNKNOWN, text='[instr_11.jpg]\n\nDrücke 1', units='pix', win=Window(...), wrapWidth=1100)
17.2062 	DATA 	Keypress: 1
17.2091 	EXP 	Created unnamed TextStim = TextStim(__class__=<class 'psychopy.visual.text.TextStim'>, alignHoriz=method-wrapper(...), alignText='center', alignVert=method-wrapper(...), anchorHoriz='center', anchorVert='center', antialias=True, autoDraw=False, autoLog=True, bold=False, color=array([1., 1., 1.]), colorSpace='rgb', contrast=1.0, depth=0, draggable=False, flipHoriz=False, flipVert=False, font='', fontFiles=[], height=np.float64(50.0), italic=False, languageStyle='LTR', name='unnamed TextStim', opacity=1.0, ori=0.0, pos=array([0., 0.]), rgb=UNKNOWN, text='[instr_12.jpg]\n\nDrücke 1', units='pix', win=Window(...), wrapWidth=1100)
17.7660 	DATA 	Keypress: 1
17.7684 	EXP 	Created unnamed TextStim = TextStim(__class__=<class 'psychopy.visual.text.TextStim'>, alignHoriz=method-wrapper(...), alignText='center', alignVert=method-wrapper(...), anchorHoriz='center', anchorVert='center', antialias=True, autoDraw=False, autoLog=True, bold=False, color=array([1., 1., 1.]), colorSpace='rgb', contrast=1.0, depth=0, draggable=False, flipHoriz=False, flipVert=False, font='', fontFiles=[], height=np.float64(50.0), italic=False, languageStyle='LTR', name='unnamed TextStim', opacity=1.0, ori=0.0, pos=array([0., 0.]), rgb=UNKNOWN, text='[instr_13.jpg]\n\nDrücke 1', units='pix', win=Window(...), wrapWidth=1100)
18.1580 	DATA 	Keypress: 1
18.1604 	EXP 	Created unnamed TextStim = TextStim(__class__=<class 'psychopy.visual.text.TextStim'>, alignHoriz=method-wrapper(...), alignText='center', alignVert=method-wrapper(...), anchorHoriz='center', anchorVert='center', antialias=True, autoDraw=False, autoLog=True, bold=False, color=array([1., 1., 1.]), colorSpace='rgb', contrast=1.0, depth=0, draggable=False, flipHoriz=False, flipVert=False, font='', fontFiles=[], height=np.float64(50.0), italic=False, languageStyle='LTR', name='unnamed TextStim', opacity=1.0, ori=0.0, pos=array([0., 0.]), rgb=UNKNOWN, text='[instr_14.jpg]\n\nDrücke 1', units='pix', win=Window(...), wrapWidth=1100)
18.4940 	DATA 	Keypress: 1
18.4965 	EXP 	Created unnamed TextStim = TextStim(__class__=<class 'psychopy.visual.text.TextStim'>, alignHoriz=method-wrapper(...), alignText='center', alignVert=method-wrapper(...), anchorHoriz='center', anchorVert='center', antialias=True, autoDraw=False, autoLog=True, bold=False, color=array([1., 1., 1.]), colorSpace='rgb', contrast=1.0, depth=0, draggable=False, flipHoriz=False, flipVert=False, font='', fontFiles=[], height=np.float64(50.0), italic=False, languageStyle='LTR', name='unnamed TextStim', opacity=1.0, ori=0.0, pos=array([0., 0.]), rgb=UNKNOWN, text='[instr_15.jpg]\n\nDrücke 1', units='pix', win=Window(...), wrapWidth=1100)
18.8060 	DATA 	Keypress: 1
18.8084 	EXP 	Created unnamed TextStim = TextStim(__class__=<class 'psychopy.visual.text.TextStim'>, alignHoriz=method-wrapper(...), alignText='center', alignVert=method-wrapper(...), anchorHoriz='center', anchorVert='center', antialias=True, autoDraw=False, autoLog=True, bold=False, color=array([1., 1., 1.]), colorSpace='rgb', contrast=1.0, depth=0, draggable=False, flipHoriz=False, flipVert=False, font='', fontFiles=[], height=np.float64(50.0), italic=False, languageStyle='LTR', name='unnamed TextStim', opacity=1.0, ori=0.0, pos=array([0., 0.]), rgb=UNKNOWN, text='[instr_16.jpg]\n\nDrücke 1', units='pix', win=Window(...), wrapWidth=1100)
19.1100 	DATA 	Keypress: 1
19.1129 	EXP 	Created unnamed TextStim = TextStim(__class__=<class 'psychopy.visual.text.TextStim'>, alignHoriz=method-wrapper(...), alignText='center', alignVert=method-wrapper(...), anchorHoriz='center', anchorVert='center', antialias=True, autoDraw=False, autoLog=True, bold=False, color=array([1., 1., 1.]), colorSpace='rgb', contrast=1.0, depth=0, draggable=False, flipHoriz=False, flipVert=False, font='', fontFiles=[], height=np.float64(50.0), italic=False, languageStyle='LTR', name='unnamed TextStim', opacity=1.0, ori=0.0, pos=array([0., 0.]), rgb=UNKNOWN, text='[instr_17.jpg]\n\nDrücke 2', units='pix', win=Window(...), wrapWidth=1100)
19.3820 	DATA 	Keypress: 1
19.6940 	DATA 	Keypress: 1
20.7421 	DATA 	Keypress: 1
21.3261 	DATA 	Keypress: 2
21.3277 	EXP 	Created unnamed ImageStim = ImageStim(__class__=<class 'psychopy.visual.image.ImageStim'>, anchor=('center', 'center'), autoLog=True, color=array([1., 1., 1.]), colorSpace='rgb', contrast=1.0, depth=0, draggable=False, flipHoriz=np.False_, flipVert=np.False_, image=None, interpolate=False, mask=None, maskParams=None, name='unnamed ImageStim', opacity=1, ori=0.0, pos=array([0., 0.]), size=array([1280.,  720.]), texRes=128, units='pix', win=Window(...))
21.3300 	EXP 	Created unnamed TextStim = TextStim(__class__=<class 'psychopy.visual.text.TextStim'>, alignHoriz=method-wrapper(...), alignText='center', alignVert=method-wrapper(...), anchorHoriz='center', anchorVert='center', antialias=True, autoDraw=False, autoLog=True, bold=False, color=array([1., 1., 1.]), colorSpace='rgb', contrast=1.0, depth=0, draggable=False, flipHoriz=False, flipVert=False, font='', fontFiles=[], height=np.float64(50.0), italic=False, languageStyle='LTR', name='unnamed TextStim', opacity=1.0, ori=0.0, pos=array([0., 0.]), rgb=UNKNOWN, text='[instr_21.jpg]\n\nDrücke 2', units='pix', win=Window(...), wrapWidth=1100)
21.7821 	DATA 	Keypress: 2
21.8081 	EXP 	unnamed ImageStim: image = '/home/niemannf/Documents/Konzepte/Behavioral_Exp_Hub/Git_repository/BEEHub/Projects/APPL/paradigm/psychopy/APPL_paradigm_short/Stimuli/bubbles/hello.jpg'
26.3287 	EXP 	unnamed ImageStim: image = '/home/niemannf/Documents/Konzepte/Behavioral_Exp_Hub/Git_repository/BEEHub/Projects/APPL/paradigm/psychopy/APPL_paradigm_short/Stimuli/bubbles/learning.jpg'
30.8492 	EXP 	unnamed ImageStim: image = '/home/niemannf/Documents/Konzepte/Behavioral_Exp_Hub/Git_repository/BEEHub/Projects/APPL/paradigm/psychopy/APPL_paradigm_short/Stimuli/learning/PICTURE_673.jpg'
30.8492 	EXP 	unnamed TextStim: height = np.float64(100.0)
30.8492 	EXP 	unnamed TextStim: height = np.float64(100.0)
30.8492 	EXP 	unnamed TextStim: height = np.float64(100.0)
30.8492 	EXP 	unnamed TextStim: text = 'Veschegt'
33.1104 	DATA 	Keypress: 1
33.3680 	EXP 	unnamed TextStim: height = np.float64(60.0)
33.3680 	EXP 	unnamed TextStim: height = np.float64(60.0)
33.3680 	EXP 	unnamed TextStim: height = np.float64(60.0)
33.3680 	EXP 	unnamed TextStim: text = 'Falsch, das ist Ingal'
35.3682 	DATA 	learning-2 run1_blk2_LS1_T1: word=Veschegt corr=Ingal cond=i resp=1 rt=2.261125326156616 acc=incorrect
35.3864 	EXP 	unnamed ImageStim: image = '/home/niemannf/Documents/Konzepte/Behavioral_Exp_Hub/Git_repository/BEEHub/Projects/APPL/paradigm/psychopy/APPL_paradigm_short/Stimuli/learning/PICTURE_354.jpg'
35.3864 	EXP 	unnamed TextStim: height = np.float64(100.0)
35.3864 	EXP 	unnamed TextStim: height = np.float64(100.0)
35.3864 	EXP 	unnamed TextStim: height = np.float64(100.0)
35.3864 	EXP 	unnamed TextStim: text = 'Aglud'
36.2224 	DATA 	Keypress: 2
37.9052 	EXP 	unnamed TextStim: height = np.float64(60.0)
37.9052 	EXP 	unnamed TextStim: height = np.float64(60.0)
37.9052 	EXP 	unnamed TextStim: height = np.float64(60.0)
37.9052 	EXP 	unnamed TextStim: text = 'Falsch, das ist Aglud'
37.9357 	DATA 	Keypress: 2
39.9053 	DATA 	learning-2 run1_blk2_LS1_T2: word=Aglud corr=Aglud cond=c resp=2 rt=0.8358924388885498 acc=incorrect
39.9236 	EXP 	unnamed ImageStim: image = '/home/niemannf/Documents/Konzepte/Behavioral_Exp_Hub/Git_repository/BEEHub/Projects/APPL/paradigm/psychopy/APPL_paradigm_short/Stimuli/learning/PICTURE_606.jpg'
39.9236 	EXP 	unnamed TextStim: height = np.float64(100.0)
39.9236 	EXP 	unnamed TextStim: height = np.float64(100.0)
39.9236 	EXP 	unnamed TextStim: height = np.float64(100.0)
39.9236 	EXP 	unnamed TextStim: text = 'Plumpent'
41.0304 	DATA 	Keypress: num_1
42.4424 	EXP 	unnamed TextStim: height = np.float64(60.0)
42.4424 	EXP 	unnamed TextStim: height = np.float64(60.0)
42.4424 	EXP 	unnamed TextStim: height = np.float64(60.0)
42.4424 	EXP 	unnamed TextStim: text = 'Zu spät, das ist Lokrast'
44.4426 	DATA 	learning-2 run1_blk2_LS1_T3: word=Plumpent corr=Lokrast cond=i resp=None rt=None acc=timeout
44.4608 	EXP 	unnamed ImageStim: image = '/home/niemannf/Documents/Konzepte/Behavioral_Exp_Hub/Git_repository/BEEHub/Projects/APPL/paradigm/psychopy/APPL_paradigm_short/Stimuli/learning/PICTURE_308.jpg'
44.4608 	EXP 	unnamed TextStim: height = np.float64(100.0)
44.4608 	EXP 	unnamed TextStim: height = np.float64(100.0)
44.4608 	EXP 	unnamed TextStim: height = np.float64(100.0)
44.4608 	EXP 	unnamed TextStim: text = 'Ingam'
44.9505 	DATA 	Keypress: 1
46.9797 	EXP 	unnamed TextStim: height = np.float64(60.0)
46.9797 	EXP 	unnamed TextStim: height = np.float64(60.0)
46.9797 	EXP 	unnamed TextStim: height = np.float64(60.0)
46.9797 	EXP 	unnamed TextStim: text = 'Korrekt, das ist Ingam'
48.9799 	DATA 	learning-2 run1_blk2_LS1_T4: word=Ingam corr=Ingam cond=c resp=1 rt=0.48966360092163086 acc=correct
48.9980 	EXP 	unnamed ImageStim: image = '/home/niemannf/Documents/Konzepte/Behavioral_Exp_Hub/Git_repository/BEEHub/Projects/APPL/paradigm/psychopy/APPL_paradigm_short/Stimuli/learning/PICTURE_321.jpg'
48.9980 	EXP 	unnamed TextStim: height = np.float64(100.0)
48.9980 	EXP 	unnamed TextStim: height = np.float64(100.0)
48.9980 	EXP 	unnamed TextStim: height = np.float64(100.0)
48.9980 	EXP 	unnamed TextStim: text = 'Straugel'
49.4706 	DATA 	Keypress: 2
51.5169 	EXP 	unnamed TextStim: height = np.float64(60.0)
51.5169 	EXP 	unnamed TextStim: height = np.float64(60.0)
51.5169 	EXP 	unnamed TextStim: height = np.float64(60.0)
51.5169 	EXP 	unnamed TextStim: text = 'Korrekt, das ist Mobe'
53.5171 	DATA 	learning-2 run1_blk2_LS1_T5: word=Straugel corr=Mobe cond=i resp=2 rt=0.4724617004394531 acc=correct
53.5352 	EXP 	unnamed ImageStim: image = '/home/niemannf/Documents/Konzepte/Behavioral_Exp_Hub/Git_repository/BEEHub/Projects/APPL/paradigm/psychopy/APPL_paradigm_short/Stimuli/learning/PICTURE_308.jpg'
53.5352 	EXP 	unnamed TextStim: height = np.float64(100.0)
53.5352 	EXP 	unnamed TextStim: height = np.float64(100.0)
53.5352 	EXP 	unnamed TextStim: height = np.float64(100.0)
53.5352 	EXP 	unnamed TextStim: text = 'Volkant'
54.1905 	DATA 	Keypress: 1
56.0541 	EXP 	unnamed TextStim: height = np.float64(60.0)
56.0541 	EXP 	unnamed TextStim: height = np.float64(60.0)
56.0541 	EXP 	unnamed TextStim: height = np.float64(60.0)
56.0541 	EXP 	unnamed TextStim: text = 'Falsch, das ist Ingam'
57.2923 	DATA 	Keypress: escape
