4.8259 	WARNING 	Monitor specification not found. Creating a temporary one...
4.8741 	WARNING 	User requested fullscreen with size [1280  720], but screen is actually [1920, 1200]. Using actual size
5.4611 	EXP 	Created window1 = Window(allowGUI=False, allowStencil=False, autoLog=True, backendConf=UNKNOWN, backgroundFit=<method-wrapper '__getattribute__' of attributeSetter object at 0x7f28354cb1d0>, backgroundImage=<method-wrapper '__getattribute__' of attributeSetter object at 0x7f28354cba50>, bitsMode=UNKNOWN, blendMode='avg', bpc=(8, 8, 8), color=array([-1, -1, -1]), colorSpace='rgb', depthBits=8, fullscr=True, gamma=None, gammaErrorPolicy='raise', infoMsg=UNKNOWN, lms=UNKNOWN, monitor=<psychopy.monitors.calibTools.Monitor object at 0x7f282f8c8e10>, multiSample=False, name='window1', numSamples=2, pos=[np.float64(0.0), np.float64(0.0)], screen=0, size=array([1920, 1200]), stencilBits=0, stereo=False, title='PsychoPy', units='pix', useFBO=False, useRetina=False, viewOri=0.0, viewPos=None, viewScale=None, waitBlanking=True, winType='pyglet')
5.4611 	EXP 	window1: backgroundImage = None
5.4612 	EXP 	window1: backgroundFit = 'cover'
5.4909 	EXP 	Created unnamed TextStim = TextStim(__class__=<class 'psychopy.visual.text.TextStim'>, alignHoriz=method-wrapper(...), alignText='center', alignVert=method-wrapper(...), anchorHoriz='center', anchorVert='center', antialias=True, autoDraw=False, autoLog=True, bold=False, color=array([1., 1., 1.]), colorSpace='rgb', contrast=1.0, depth=0, draggable=False, flipHoriz=False, flipVert=False, font='', fontFiles=[], height=np.float64(100.0), italic=False, languageStyle='LTR', name='unnamed TextStim', opacity=1.0, ori=0.0, pos=array([0., 0.]), rgb=UNKNOWN, text='+', units='pix', win=Window(...), wrapWidth=500)
5.4927 	EXP 	Created unnamed TextStim = TextStim(__class__=<class 'psychopy.visual.text.TextStim'>, alignHoriz=method-wrapper(...), alignText='center', alignVert=method-wrapper(...), anchorHoriz='center', anchorVert='center', antialias=True, autoDraw=False, autoLog=True, bold=False, color=array([1., 1., 1.]), colorSpace='rgb', contrast=1.0, depth=0, draggable=False, flipHoriz=False, flipVert=False, font='', fontFiles=[], height=60, italic=False, languageStyle='LTR', name='unnamed TextStim', opacity=1.0, ori=0.0, pos=array([0., 0.]), rgb=UNKNOWN, text='', units='pix', win=Window(...), wrapWidth=1100)
5.4939 	EXP 	Created unnamed TextStim = TextStim(__class__=<class 'psychopy.visual.text.TextStim'>, alignHoriz=method-wrapper(...), alignText='center', alignVert=method-wrapper(...), anchorHoriz='center', anchorVert='center', antialias=True, autoDraw=False, autoLog=True, bold=False, color=array([1., 1., 1.]), colorSpace='rgb', contrast=1.0, depth=0, draggable=False, flipHoriz=False, flipVert=False, font='', fontFiles=[], height=100, italic=False, languageStyle='LTR', name='unnamed TextStim', opacity=1.0, ori=0.0, pos=array([   0., -400.]), rgb=UNKNOWN, text='', units='pix', win=Window(...), wrapWidth=600)
5.4956 	EXP 	Created unnamed ImageStim = ImageStim(__class__=<class 'psychopy.visual.image.ImageStim'>, anchor=('center', 'center'), autoLog=True, color=array([1., 1., 1.]), colorSpace='rgb', contrast=1.0, depth=0, draggable=False, flipHoriz=np.False_, flipVert=np.False_, image=None, interpolate=False, mask=None, maskParams=None, name='unnamed ImageStim', opacity=1, ori=0.0, pos=array([0., 0.]), size=array([600., 600.]), texRes=128, units='pix', win=Window(...))
5.4970 	EXP 	Created unnamed ImageStim = ImageStim(__class__=<class 'psychopy.visual.image.ImageStim'>, anchor=('center', 'center'), autoLog=True, color=array([1., 1., 1.]), colorSpace='rgb', contrast=1.0, depth=0, draggable=False, flipHoriz=np.False_, flipVert=np.False_, image=None, interpolate=False, mask=None, maskParams=None, name='unnamed ImageStim', opacity=1, ori=0.0, pos=array([0., 0.]), size=array([600., 398.]), texRes=128, units='pix', win=Window(...))
5.4985 	EXP 	Created unnamed ImageStim = ImageStim(__class__=<class 'psychopy.visual.image.ImageStim'>, anchor=('center', 'center'), autoLog=True, color=array([1., 1., 1.]), colorSpace='rgb', contrast=1.0, depth=0, draggable=False, flipHoriz=np.False_, flipVert=np.False_, image=None, interpolate=False, mask=None, maskParams=None, name='unnamed ImageStim', opacity=1, ori=0.0, pos=array([0., 0.]), size=array([1224.,  987.]), texRes=128, units='pix', win=Window(...))
5.5036 	EXP 	Created unnamed TextStim = TextStim(__class__=<class 'psychopy.visual.text.TextStim'>, alignHoriz=method-wrapper(...), alignText='center', alignVert=method-wrapper(...), anchorHoriz='center', anchorVert='center', antialias=True, autoDraw=False, autoLog=True, bold=False, color=array([1., 1., 1.]), colorSpace='rgb', contrast=1.0, depth=0, draggable=False, flipHoriz=False, flipVert=False, font='', fontFiles=[], height=np.float64(40.0), italic=False, languageStyle='LTR', name='unnamed TextStim', opacity=1.0, ori=0.0, pos=array([-340., -490.]), rgb=UNKNOWN, text='1 = Ja', units='pix', win=Window(...), wrapWidth=500)
5.5087 	EXP 	Created unnamed TextStim = TextStim(__class__=<class 'psychopy.visual.text.TextStim'>, alignHoriz=method-wrapper(...), alignText='center', alignVert=method-wrapper(...), anchorHoriz='center', anchorVert='center', antialias=True, autoDraw=False, autoLog=True, bold=False, color=array([1., 1., 1.]), colorSpace='rgb', contrast=1.0, depth=0, draggable=False, flipHoriz=False, flipVert=False, font='', fontFiles=[], height=np.float64(40.0), italic=False, languageStyle='LTR', name='unnamed TextStim', opacity=1.0, ori=0.0, pos=array([ 340., -490.]), rgb=UNKNOWN, text='2 = Nein', units='pix', win=Window(...), wrapWidth=500)
5.5101 	EXP 	Created unnamed Rect = Rect(__class__=<class 'psychopy.visual.rect.Rect'>, anchor=('center', 'center'), autoDraw=False, autoLog=True, closeShape=True, color=method-wrapper(...), colorSpace='rgb', contrast=None, depth=0, draggable=False, fillColor=array([0.08, 0.08, 0.08]), fillColorSpace='rgb', fillRGB=array([0.08, 0.08, 0.08]), interpolate=True, lineColor=array([0.3, 0.3, 0.3]), lineColorSpace='rgb', lineRGB=array([0.3, 0.3, 0.3]), lineWidth=2, name='unnamed Rect', opacity=1, ori=0.0, pos=array([0., 0.]), size=array([1180.,  660.]), units='pix', vertices=ndarray(...), win=Window(...))
5.5117 	EXP 	Created unnamed Rect = Rect(__class__=<class 'psychopy.visual.rect.Rect'>, anchor=('center', 'center'), autoDraw=False, autoLog=True, closeShape=True, color=method-wrapper(...), colorSpace='rgb', contrast=None, depth=0, draggable=False, fillColor=array([0.15, 0.25, 0.45]), fillColorSpace='rgb', fillRGB=array([0.15, 0.25, 0.45]), interpolate=True, lineColor=array([0., 0., 0.]), lineColorSpace='rgb', lineRGB=array([0, 0, 0]), lineWidth=1.5, name='unnamed Rect', opacity=1, ori=0.0, pos=array([  0., 280.]), size=array([1180.,   80.]), units='pix', vertices=ndarray(...), win=Window(...))
5.5195 	EXP 	Created unnamed TextStim = TextStim(__class__=<class 'psychopy.visual.text.TextStim'>, alignHoriz=method-wrapper(...), alignText='center', alignVert=method-wrapper(...), anchorHoriz='center', anchorVert='center', antialias=True, autoDraw=False, autoLog=True, bold=True, color=array([1., 1., 1.]), colorSpace='rgb', contrast=1.0, depth=0, draggable=False, flipHoriz=False, flipVert=False, font='', fontFiles=[], height=np.float64(34.0), italic=False, languageStyle='LTR', name='unnamed TextStim', opacity=1.0, ori=0.0, pos=array([  0., 280.]), rgb=UNKNOWN, text='Willkommen – APPL-Studie', units='pix', win=Window(...), wrapWidth=1100)
5.5335 	EXP 	Created unnamed TextStim = TextStim(__class__=<class 'psychopy.visual.text.TextStim'>, alignHoriz=method-wrapper(...), alignText='left', alignVert=method-wrapper(...), anchorHoriz='center', anchorVert='center', antialias=True, autoDraw=False, autoLog=True, bold=False, color=array([0.9, 0.9, 0.9]), colorSpace='rgb', contrast=1.0, depth=0, draggable=False, flipHoriz=False, flipVert=False, font='', fontFiles=[], height=np.float64(28.0), italic=False, languageStyle='LTR', name='unnamed TextStim', opacity=1.0, ori=0.0, pos=array([ 0., 20.]), rgb=UNKNOWN, text=str(...), units='pix', win=Window(...), wrapWidth=1050)
5.5469 	EXP 	Created unnamed TextStim = TextStim(__class__=<class 'psychopy.visual.text.TextStim'>, alignHoriz=method-wrapper(...), alignText='center', alignVert=method-wrapper(...), anchorHoriz='center', anchorVert='center', antialias=True, autoDraw=False, autoLog=True, bold=False, color=array([0.6, 0.6, 0.6]), colorSpace='rgb', contrast=1.0, depth=0, draggable=False, flipHoriz=False, flipVert=False, font='', fontFiles=[], height=np.float64(22.0), italic=False, languageStyle='LTR', name='unnamed TextStim', opacity=1.0, ori=0.0, pos=array([   0., -295.]), rgb=UNKNOWN, text='Folie 1 / 7    [LEERTASTE → weiter]', units='pix', win=Window(...), wrapWidth=1100)
11.4081 	DATA 	Keypress: space
11.4097 	EXP 	Created unnamed Rect = Rect(__class__=<class 'psychopy.visual.rect.Rect'>, anchor=('center', 'center'), autoDraw=False, autoLog=True, closeShape=True, color=method-wrapper(...), colorSpace='rgb', contrast=None, depth=0, draggable=False, fillColor=array([0.08, 0.08, 0.08]), fillColorSpace='rgb', fillRGB=array([0.08, 0.08, 0.08]), interpolate=True, lineColor=array([0.3, 0.3, 0.3]), lineColorSpace='rgb', lineRGB=array([0.3, 0.3, 0.3]), lineWidth=2, name='unnamed Rect', opacity=1, ori=0.0, pos=array([0., 0.]), size=array([1180.,  660.]), units='pix', vertices=ndarray(...), win=Window(...))
11.4115 	EXP 	Created unnamed Rect = Rect(__class__=<class 'psychopy.visual.rect.Rect'>, anchor=('center', 'center'), autoDraw=False, autoLog=True, closeShape=True, color=method-wrapper(...), colorSpace='rgb', contrast=None, depth=0, draggable=False, fillColor=array([0.15, 0.25, 0.45]), fillColorSpace='rgb', fillRGB=array([0.15, 0.25, 0.45]), interpolate=True, lineColor=array([0., 0., 0.]), lineColorSpace='rgb', lineRGB=array([0, 0, 0]), lineWidth=1.5, name='unnamed Rect', opacity=1, ori=0.0, pos=array([  0., 280.]), size=array([1180.,   80.]), units='pix', vertices=ndarray(...), win=Window(...))
11.4163 	EXP 	Created unnamed TextStim = TextStim(__class__=<class 'psychopy.visual.text.TextStim'>, alignHoriz=method-wrapper(...), alignText='center', alignVert=method-wrapper(...), anchorHoriz='center', anchorVert='center', antialias=True, autoDraw=False, autoLog=True, bold=True, color=array([1., 1., 1.]), colorSpace='rgb', contrast=1.0, depth=0, draggable=False, flipHoriz=False, flipVert=False, font='', fontFiles=[], height=np.float64(34.0), italic=False, languageStyle='LTR', name='unnamed TextStim', opacity=1.0, ori=0.0, pos=array([  0., 280.]), rgb=UNKNOWN, text='Ablauf der Aufgabe', units='pix', win=Window(...), wrapWidth=1100)
11.4296 	EXP 	Created unnamed TextStim = TextStim(__class__=<class 'psychopy.visual.text.TextStim'>, alignHoriz=method-wrapper(...), alignText='left', alignVert=method-wrapper(...), anchorHoriz='center', anchorVert='center', antialias=True, autoDraw=False, autoLog=True, bold=False, color=array([0.9, 0.9, 0.9]), colorSpace='rgb', contrast=1.0, depth=0, draggable=False, flipHoriz=False, flipVert=False, font='', fontFiles=[], height=np.float64(28.0), italic=False, languageStyle='LTR', name='unnamed TextStim', opacity=1.0, ori=0.0, pos=array([ 0., 20.]), rgb=UNKNOWN, text=str(...), units='pix', win=Window(...), wrapWidth=1050)
11.4363 	EXP 	Created unnamed TextStim = TextStim(__class__=<class 'psychopy.visual.text.TextStim'>, alignHoriz=method-wrapper(...), alignText='center', alignVert=method-wrapper(...), anchorHoriz='center', anchorVert='center', antialias=True, autoDraw=False, autoLog=True, bold=False, color=array([0.6, 0.6, 0.6]), colorSpace='rgb', contrast=1.0, depth=0, draggable=False, flipHoriz=False, flipVert=False, font='', fontFiles=[], height=np.float64(22.0), italic=False, languageStyle='LTR', name='unnamed TextStim', opacity=1.0, ori=0.0, pos=array([   0., -295.]), rgb=UNKNOWN, text='Folie 2 / 7    [LEERTASTE → weiter]', units='pix', win=Window(...), wrapWidth=1100)
12.3840 	DATA 	Keypress: space
12.3856 	EXP 	Created unnamed Rect = Rect(__class__=<class 'psychopy.visual.rect.Rect'>, anchor=('center', 'center'), autoDraw=False, autoLog=True, closeShape=True, color=method-wrapper(...), colorSpace='rgb', contrast=None, depth=0, draggable=False, fillColor=array([0.08, 0.08, 0.08]), fillColorSpace='rgb', fillRGB=array([0.08, 0.08, 0.08]), interpolate=True, lineColor=array([0.3, 0.3, 0.3]), lineColorSpace='rgb', lineRGB=array([0.3, 0.3, 0.3]), lineWidth=2, name='unnamed Rect', opacity=1, ori=0.0, pos=array([0., 0.]), size=array([1180.,  660.]), units='pix', vertices=ndarray(...), win=Window(...))
12.3874 	EXP 	Created unnamed Rect = Rect(__class__=<class 'psychopy.visual.rect.Rect'>, anchor=('center', 'center'), autoDraw=False, autoLog=True, closeShape=True, color=method-wrapper(...), colorSpace='rgb', contrast=None, depth=0, draggable=False, fillColor=array([0.15, 0.25, 0.45]), fillColorSpace='rgb', fillRGB=array([0.15, 0.25, 0.45]), interpolate=True, lineColor=array([0., 0., 0.]), lineColorSpace='rgb', lineRGB=array([0, 0, 0]), lineWidth=1.5, name='unnamed Rect', opacity=1, ori=0.0, pos=array([  0., 280.]), size=array([1180.,   80.]), units='pix', vertices=ndarray(...), win=Window(...))
12.3919 	EXP 	Created unnamed TextStim = TextStim(__class__=<class 'psychopy.visual.text.TextStim'>, alignHoriz=method-wrapper(...), alignText='center', alignVert=method-wrapper(...), anchorHoriz='center', anchorVert='center', antialias=True, autoDraw=False, autoLog=True, bold=True, color=array([1., 1., 1.]), colorSpace='rgb', contrast=1.0, depth=0, draggable=False, flipHoriz=False, flipVert=False, font='', fontFiles=[], height=np.float64(34.0), italic=False, languageStyle='LTR', name='unnamed TextStim', opacity=1.0, ori=0.0, pos=array([  0., 280.]), rgb=UNKNOWN, text='Tasten', units='pix', win=Window(...), wrapWidth=1100)
12.4053 	EXP 	Created unnamed TextStim = TextStim(__class__=<class 'psychopy.visual.text.TextStim'>, alignHoriz=method-wrapper(...), alignText='left', alignVert=method-wrapper(...), anchorHoriz='center', anchorVert='center', antialias=True, autoDraw=False, autoLog=True, bold=False, color=array([0.9, 0.9, 0.9]), colorSpace='rgb', contrast=1.0, depth=0, draggable=False, flipHoriz=False, flipVert=False, font='', fontFiles=[], height=np.float64(28.0), italic=False, languageStyle='LTR', name='unnamed TextStim', opacity=1.0, ori=0.0, pos=array([ 0., 20.]), rgb=UNKNOWN, text=str(...), units='pix', win=Window(...), wrapWidth=1050)
12.4152 	EXP 	Created unnamed TextStim = TextStim(__class__=<class 'psychopy.visual.text.TextStim'>, alignHoriz=method-wrapper(...), alignText='center', alignVert=method-wrapper(...), anchorHoriz='center', anchorVert='center', antialias=True, autoDraw=False, autoLog=True, bold=False, color=array([0.6, 0.6, 0.6]), colorSpace='rgb', contrast=1.0, depth=0, draggable=False, flipHoriz=False, flipVert=False, font='', fontFiles=[], height=np.float64(22.0), italic=False, languageStyle='LTR', name='unnamed TextStim', opacity=1.0, ori=0.0, pos=array([   0., -295.]), rgb=UNKNOWN, text='Folie 3 / 7    [LEERTASTE → weiter]', units='pix', win=Window(...), wrapWidth=1100)
17.5920 	DATA 	Keypress: space
17.5936 	EXP 	Created unnamed Rect = Rect(__class__=<class 'psychopy.visual.rect.Rect'>, anchor=('center', 'center'), autoDraw=False, autoLog=True, closeShape=True, color=method-wrapper(...), colorSpace='rgb', contrast=None, depth=0, draggable=False, fillColor=array([0.08, 0.08, 0.08]), fillColorSpace='rgb', fillRGB=array([0.08, 0.08, 0.08]), interpolate=True, lineColor=array([0.3, 0.3, 0.3]), lineColorSpace='rgb', lineRGB=array([0.3, 0.3, 0.3]), lineWidth=2, name='unnamed Rect', opacity=1, ori=0.0, pos=array([0., 0.]), size=array([1180.,  660.]), units='pix', vertices=ndarray(...), win=Window(...))
17.5953 	EXP 	Created unnamed Rect = Rect(__class__=<class 'psychopy.visual.rect.Rect'>, anchor=('center', 'center'), autoDraw=False, autoLog=True, closeShape=True, color=method-wrapper(...), colorSpace='rgb', contrast=None, depth=0, draggable=False, fillColor=array([0.15, 0.25, 0.45]), fillColorSpace='rgb', fillRGB=array([0.15, 0.25, 0.45]), interpolate=True, lineColor=array([0., 0., 0.]), lineColorSpace='rgb', lineRGB=array([0, 0, 0]), lineWidth=1.5, name='unnamed Rect', opacity=1, ori=0.0, pos=array([  0., 280.]), size=array([1180.,   80.]), units='pix', vertices=ndarray(...), win=Window(...))
17.6000 	EXP 	Created unnamed TextStim = TextStim(__class__=<class 'psychopy.visual.text.TextStim'>, alignHoriz=method-wrapper(...), alignText='center', alignVert=method-wrapper(...), anchorHoriz='center', anchorVert='center', antialias=True, autoDraw=False, autoLog=True, bold=True, color=array([1., 1., 1.]), colorSpace='rgb', contrast=1.0, depth=0, draggable=False, flipHoriz=False, flipVert=False, font='', fontFiles=[], height=np.float64(34.0), italic=False, languageStyle='LTR', name='unnamed TextStim', opacity=1.0, ori=0.0, pos=array([  0., 280.]), rgb=UNKNOWN, text='Rückmeldung', units='pix', win=Window(...), wrapWidth=1100)
17.6179 	EXP 	Created unnamed TextStim = TextStim(__class__=<class 'psychopy.visual.text.TextStim'>, alignHoriz=method-wrapper(...), alignText='left', alignVert=method-wrapper(...), anchorHoriz='center', anchorVert='center', antialias=True, autoDraw=False, autoLog=True, bold=False, color=array([0.9, 0.9, 0.9]), colorSpace='rgb', contrast=1.0, depth=0, draggable=False, flipHoriz=False, flipVert=False, font='', fontFiles=[], height=np.float64(28.0), italic=False, languageStyle='LTR', name='unnamed TextStim', opacity=1.0, ori=0.0, pos=array([ 0., 20.]), rgb=UNKNOWN, text=str(...), units='pix', win=Window(...), wrapWidth=1050)
17.6235 	EXP 	Created unnamed TextStim = TextStim(__class__=<class 'psychopy.visual.text.TextStim'>, alignHoriz=method-wrapper(...), alignText='center', alignVert=method-wrapper(...), anchorHoriz='center', anchorVert='center', antialias=True, autoDraw=False, autoLog=True, bold=False, color=array([0.6, 0.6, 0.6]), colorSpace='rgb', contrast=1.0, depth=0, draggable=False, flipHoriz=False, flipVert=False, font='', fontFiles=[], height=np.float64(22.0), italic=False, languageStyle='LTR', name='unnamed TextStim', opacity=1.0, ori=0.0, pos=array([   0., -295.]), rgb=UNKNOWN, text='Folie 4 / 7    [LEERTASTE → weiter]', units='pix', win=Window(...), wrapWidth=1100)
20.4801 	DATA 	Keypress: space
20.4817 	EXP 	Created unnamed Rect = Rect(__class__=<class 'psychopy.visual.rect.Rect'>, anchor=('center', 'center'), autoDraw=False, autoLog=True, closeShape=True, color=method-wrapper(...), colorSpace='rgb', contrast=None, depth=0, draggable=False, fillColor=array([0.08, 0.08, 0.08]), fillColorSpace='rgb', fillRGB=array([0.08, 0.08, 0.08]), interpolate=True, lineColor=array([0.3, 0.3, 0.3]), lineColorSpace='rgb', lineRGB=array([0.3, 0.3, 0.3]), lineWidth=2, name='unnamed Rect', opacity=1, ori=0.0, pos=array([0., 0.]), size=array([1180.,  660.]), units='pix', vertices=ndarray(...), win=Window(...))
20.4835 	EXP 	Created unnamed Rect = Rect(__class__=<class 'psychopy.visual.rect.Rect'>, anchor=('center', 'center'), autoDraw=False, autoLog=True, closeShape=True, color=method-wrapper(...), colorSpace='rgb', contrast=None, depth=0, draggable=False, fillColor=array([0.15, 0.25, 0.45]), fillColorSpace='rgb', fillRGB=array([0.15, 0.25, 0.45]), interpolate=True, lineColor=array([0., 0., 0.]), lineColorSpace='rgb', lineRGB=array([0, 0, 0]), lineWidth=1.5, name='unnamed Rect', opacity=1, ori=0.0, pos=array([  0., 280.]), size=array([1180.,   80.]), units='pix', vertices=ndarray(...), win=Window(...))
20.4884 	EXP 	Created unnamed TextStim = TextStim(__class__=<class 'psychopy.visual.text.TextStim'>, alignHoriz=method-wrapper(...), alignText='center', alignVert=method-wrapper(...), anchorHoriz='center', anchorVert='center', antialias=True, autoDraw=False, autoLog=True, bold=True, color=array([1., 1., 1.]), colorSpace='rgb', contrast=1.0, depth=0, draggable=False, flipHoriz=False, flipVert=False, font='', fontFiles=[], height=np.float64(34.0), italic=False, languageStyle='LTR', name='unnamed TextStim', opacity=1.0, ori=0.0, pos=array([  0., 280.]), rgb=UNKNOWN, text='Lernphasen', units='pix', win=Window(...), wrapWidth=1100)
20.5009 	EXP 	Created unnamed TextStim = TextStim(__class__=<class 'psychopy.visual.text.TextStim'>, alignHoriz=method-wrapper(...), alignText='left', alignVert=method-wrapper(...), anchorHoriz='center', anchorVert='center', antialias=True, autoDraw=False, autoLog=True, bold=False, color=array([0.9, 0.9, 0.9]), colorSpace='rgb', contrast=1.0, depth=0, draggable=False, flipHoriz=False, flipVert=False, font='', fontFiles=[], height=np.float64(28.0), italic=False, languageStyle='LTR', name='unnamed TextStim', opacity=1.0, ori=0.0, pos=array([ 0., 20.]), rgb=UNKNOWN, text=str(...), units='pix', win=Window(...), wrapWidth=1050)
20.5107 	EXP 	Created unnamed TextStim = TextStim(__class__=<class 'psychopy.visual.text.TextStim'>, alignHoriz=method-wrapper(...), alignText='center', alignVert=method-wrapper(...), anchorHoriz='center', anchorVert='center', antialias=True, autoDraw=False, autoLog=True, bold=False, color=array([0.6, 0.6, 0.6]), colorSpace='rgb', contrast=1.0, depth=0, draggable=False, flipHoriz=False, flipVert=False, font='', fontFiles=[], height=np.float64(22.0), italic=False, languageStyle='LTR', name='unnamed TextStim', opacity=1.0, ori=0.0, pos=array([   0., -295.]), rgb=UNKNOWN, text='Folie 5 / 7    [LEERTASTE → weiter]', units='pix', win=Window(...), wrapWidth=1100)
22.9761 	DATA 	Keypress: space
22.9777 	EXP 	Created unnamed Rect = Rect(__class__=<class 'psychopy.visual.rect.Rect'>, anchor=('center', 'center'), autoDraw=False, autoLog=True, closeShape=True, color=method-wrapper(...), colorSpace='rgb', contrast=None, depth=0, draggable=False, fillColor=array([0.08, 0.08, 0.08]), fillColorSpace='rgb', fillRGB=array([0.08, 0.08, 0.08]), interpolate=True, lineColor=array([0.3, 0.3, 0.3]), lineColorSpace='rgb', lineRGB=array([0.3, 0.3, 0.3]), lineWidth=2, name='unnamed Rect', opacity=1, ori=0.0, pos=array([0., 0.]), size=array([1180.,  660.]), units='pix', vertices=ndarray(...), win=Window(...))
22.9794 	EXP 	Created unnamed Rect = Rect(__class__=<class 'psychopy.visual.rect.Rect'>, anchor=('center', 'center'), autoDraw=False, autoLog=True, closeShape=True, color=method-wrapper(...), colorSpace='rgb', contrast=None, depth=0, draggable=False, fillColor=array([0.15, 0.25, 0.45]), fillColorSpace='rgb', fillRGB=array([0.15, 0.25, 0.45]), interpolate=True, lineColor=array([0., 0., 0.]), lineColorSpace='rgb', lineRGB=array([0, 0, 0]), lineWidth=1.5, name='unnamed Rect', opacity=1, ori=0.0, pos=array([  0., 280.]), size=array([1180.,   80.]), units='pix', vertices=ndarray(...), win=Window(...))
22.9842 	EXP 	Created unnamed TextStim = TextStim(__class__=<class 'psychopy.visual.text.TextStim'>, alignHoriz=method-wrapper(...), alignText='center', alignVert=method-wrapper(...), anchorHoriz='center', anchorVert='center', antialias=True, autoDraw=False, autoLog=True, bold=True, color=array([1., 1., 1.]), colorSpace='rgb', contrast=1.0, depth=0, draggable=False, flipHoriz=False, flipVert=False, font='', fontFiles=[], height=np.float64(34.0), italic=False, languageStyle='LTR', name='unnamed TextStim', opacity=1.0, ori=0.0, pos=array([  0., 280.]), rgb=UNKNOWN, text='Kontrollaufgabe', units='pix', win=Window(...), wrapWidth=1100)
22.9987 	EXP 	Created unnamed TextStim = TextStim(__class__=<class 'psychopy.visual.text.TextStim'>, alignHoriz=method-wrapper(...), alignText='left', alignVert=method-wrapper(...), anchorHoriz='center', anchorVert='center', antialias=True, autoDraw=False, autoLog=True, bold=False, color=array([0.9, 0.9, 0.9]), colorSpace='rgb', contrast=1.0, depth=0, draggable=False, flipHoriz=False, flipVert=False, font='', fontFiles=[], height=np.float64(28.0), italic=False, languageStyle='LTR', name='unnamed TextStim', opacity=1.0, ori=0.0, pos=array([ 0., 20.]), rgb=UNKNOWN, text=str(...), units='pix', win=Window(...), wrapWidth=1050)
23.0057 	EXP 	Created unnamed TextStim = TextStim(__class__=<class 'psychopy.visual.text.TextStim'>, alignHoriz=method-wrapper(...), alignText='center', alignVert=method-wrapper(...), anchorHoriz='center', anchorVert='center', antialias=True, autoDraw=False, autoLog=True, bold=False, color=array([0.6, 0.6, 0.6]), colorSpace='rgb', contrast=1.0, depth=0, draggable=False, flipHoriz=False, flipVert=False, font='', fontFiles=[], height=np.float64(22.0), italic=False, languageStyle='LTR', name='unnamed TextStim', opacity=1.0, ori=0.0, pos=array([   0., -295.]), rgb=UNKNOWN, text='Folie 6 / 7    [LEERTASTE → weiter]', units='pix', win=Window(...), wrapWidth=1100)
25.3281 	DATA 	Keypress: space
25.3296 	EXP 	Created unnamed Rect = Rect(__class__=<class 'psychopy.visual.rect.Rect'>, anchor=('center', 'center'), autoDraw=False, autoLog=True, closeShape=True, color=method-wrapper(...), colorSpace='rgb', contrast=None, depth=0, draggable=False, fillColor=array([0.08, 0.08, 0.08]), fillColorSpace='rgb', fillRGB=array([0.08, 0.08, 0.08]), interpolate=True, lineColor=array([0.3, 0.3, 0.3]), lineColorSpace='rgb', lineRGB=array([0.3, 0.3, 0.3]), lineWidth=2, name='unnamed Rect', opacity=1, ori=0.0, pos=array([0., 0.]), size=array([1180.,  660.]), units='pix', vertices=ndarray(...), win=Window(...))
25.3313 	EXP 	Created unnamed Rect = Rect(__class__=<class 'psychopy.visual.rect.Rect'>, anchor=('center', 'center'), autoDraw=False, autoLog=True, closeShape=True, color=method-wrapper(...), colorSpace='rgb', contrast=None, depth=0, draggable=False, fillColor=array([0.15, 0.25, 0.45]), fillColorSpace='rgb', fillRGB=array([0.15, 0.25, 0.45]), interpolate=True, lineColor=array([0., 0., 0.]), lineColorSpace='rgb', lineRGB=array([0, 0, 0]), lineWidth=1.5, name='unnamed Rect', opacity=1, ori=0.0, pos=array([  0., 280.]), size=array([1180.,   80.]), units='pix', vertices=ndarray(...), win=Window(...))
25.3356 	EXP 	Created unnamed TextStim = TextStim(__class__=<class 'psychopy.visual.text.TextStim'>, alignHoriz=method-wrapper(...), alignText='center', alignVert=method-wrapper(...), anchorHoriz='center', anchorVert='center', antialias=True, autoDraw=False, autoLog=True, bold=True, color=array([1., 1., 1.]), colorSpace='rgb', contrast=1.0, depth=0, draggable=False, flipHoriz=False, flipVert=False, font='', fontFiles=[], height=np.float64(34.0), italic=False, languageStyle='LTR', name='unnamed TextStim', opacity=1.0, ori=0.0, pos=array([  0., 280.]), rgb=UNKNOWN, text='Bereit?', units='pix', win=Window(...), wrapWidth=1100)
25.3490 	EXP 	Created unnamed TextStim = TextStim(__class__=<class 'psychopy.visual.text.TextStim'>, alignHoriz=method-wrapper(...), alignText='left', alignVert=method-wrapper(...), anchorHoriz='center', anchorVert='center', antialias=True, autoDraw=False, autoLog=True, bold=False, color=array([0.9, 0.9, 0.9]), colorSpace='rgb', contrast=1.0, depth=0, draggable=False, flipHoriz=False, flipVert=False, font='', fontFiles=[], height=np.float64(28.0), italic=False, languageStyle='LTR', name='unnamed TextStim', opacity=1.0, ori=0.0, pos=array([ 0., 20.]), rgb=UNKNOWN, text=str(...), units='pix', win=Window(...), wrapWidth=1050)
25.3570 	EXP 	Created unnamed TextStim = TextStim(__class__=<class 'psychopy.visual.text.TextStim'>, alignHoriz=method-wrapper(...), alignText='center', alignVert=method-wrapper(...), anchorHoriz='center', anchorVert='center', antialias=True, autoDraw=False, autoLog=True, bold=False, color=array([0.6, 0.6, 0.6]), colorSpace='rgb', contrast=1.0, depth=0, draggable=False, flipHoriz=False, flipVert=False, font='', fontFiles=[], height=np.float64(22.0), italic=False, languageStyle='LTR', name='unnamed TextStim', opacity=1.0, ori=0.0, pos=array([   0., -295.]), rgb=UNKNOWN, text='Folie 7 / 7    [LEERTASTE → weiter]', units='pix', win=Window(...), wrapWidth=1100)
28.7441 	DATA 	Keypress: space
28.7454 	EXP 	Created unnamed Rect = Rect(__class__=<class 'psychopy.visual.rect.Rect'>, anchor=('center', 'center'), autoDraw=False, autoLog=True, closeShape=True, color=method-wrapper(...), colorSpace='rgb', contrast=None, depth=0, draggable=False, fillColor=array([0.08, 0.08, 0.08]), fillColorSpace='rgb', fillRGB=array([0.08, 0.08, 0.08]), interpolate=True, lineColor=array([0.3, 0.3, 0.3]), lineColorSpace='rgb', lineRGB=array([0.3, 0.3, 0.3]), lineWidth=2, name='unnamed Rect', opacity=1, ori=0.0, pos=array([0., 0.]), size=array([1180.,  660.]), units='pix', vertices=ndarray(...), win=Window(...))
28.7471 	EXP 	Created unnamed Rect = Rect(__class__=<class 'psychopy.visual.rect.Rect'>, anchor=('center', 'center'), autoDraw=False, autoLog=True, closeShape=True, color=method-wrapper(...), colorSpace='rgb', contrast=None, depth=0, draggable=False, fillColor=array([0.15, 0.25, 0.45]), fillColorSpace='rgb', fillRGB=array([0.15, 0.25, 0.45]), interpolate=True, lineColor=array([0., 0., 0.]), lineColorSpace='rgb', lineRGB=array([0, 0, 0]), lineWidth=1.5, name='unnamed Rect', opacity=1, ori=0.0, pos=array([  0., 280.]), size=array([1180.,   80.]), units='pix', vertices=ndarray(...), win=Window(...))
28.7522 	EXP 	Created unnamed TextStim = TextStim(__class__=<class 'psychopy.visual.text.TextStim'>, alignHoriz=method-wrapper(...), alignText='center', alignVert=method-wrapper(...), anchorHoriz='center', anchorVert='center', antialias=True, autoDraw=False, autoLog=True, bold=True, color=array([1., 1., 1.]), colorSpace='rgb', contrast=1.0, depth=0, draggable=False, flipHoriz=False, flipVert=False, font='', fontFiles=[], height=np.float64(34.0), italic=False, languageStyle='LTR', name='unnamed TextStim', opacity=1.0, ori=0.0, pos=array([  0., 280.]), rgb=UNKNOWN, text='Die Aufgabe beginnt jetzt', units='pix', win=Window(...), wrapWidth=1100)
28.7658 	EXP 	Created unnamed TextStim = TextStim(__class__=<class 'psychopy.visual.text.TextStim'>, alignHoriz=method-wrapper(...), alignText='left', alignVert=method-wrapper(...), anchorHoriz='center', anchorVert='center', antialias=True, autoDraw=False, autoLog=True, bold=False, color=array([0.9, 0.9, 0.9]), colorSpace='rgb', contrast=1.0, depth=0, draggable=False, flipHoriz=False, flipVert=False, font='', fontFiles=[], height=np.float64(28.0), italic=False, languageStyle='LTR', name='unnamed TextStim', opacity=1.0, ori=0.0, pos=array([ 0., 20.]), rgb=UNKNOWN, text=str(...), units='pix', win=Window(...), wrapWidth=1050)
28.7752 	EXP 	Created unnamed TextStim = TextStim(__class__=<class 'psychopy.visual.text.TextStim'>, alignHoriz=method-wrapper(...), alignText='center', alignVert=method-wrapper(...), anchorHoriz='center', anchorVert='center', antialias=True, autoDraw=False, autoLog=True, bold=False, color=array([0.6, 0.6, 0.6]), colorSpace='rgb', contrast=1.0, depth=0, draggable=False, flipHoriz=False, flipVert=False, font='', fontFiles=[], height=np.float64(22.0), italic=False, languageStyle='LTR', name='unnamed TextStim', opacity=1.0, ori=0.0, pos=array([   0., -295.]), rgb=UNKNOWN, text=str(...), units='pix', win=Window(...), wrapWidth=1100)
32.5522 	DATA 	Keypress: space
32.5762 	EXP 	unnamed ImageStim: image = '/home/niemannf/Documents/Konzepte/Behavioral_Exp_Hub/Git_repository/BEEHub/Projects/APPL/paradigm/psychopy/APPL_paradigm_short/Stimuli/bubbles/hello.jpg'
34.5648 	DATA 	Keypress: space
37.1042 	EXP 	unnamed ImageStim: image = '/home/niemannf/Documents/Konzepte/Behavioral_Exp_Hub/Git_repository/BEEHub/Projects/APPL/paradigm/psychopy/APPL_paradigm_short/Stimuli/bubbles/learning.jpg'
41.6248 	EXP 	unnamed ImageStim: image = '/home/niemannf/Documents/Konzepte/Behavioral_Exp_Hub/Git_repository/BEEHub/Projects/APPL/paradigm/psychopy/APPL_paradigm_short/Stimuli/learning/PICTURE_40.jpg'
41.6248 	EXP 	unnamed TextStim: height = np.float64(100.0)
41.6248 	EXP 	unnamed TextStim: height = np.float64(100.0)
41.6248 	EXP 	unnamed TextStim: height = np.float64(100.0)
41.6248 	EXP 	unnamed TextStim: text = 'Goser'
43.3443 	DATA 	Keypress: 1
44.1435 	EXP 	unnamed TextStim: height = np.float64(60.0)
44.1435 	EXP 	unnamed TextStim: height = np.float64(60.0)
44.1435 	EXP 	unnamed TextStim: height = np.float64(60.0)
44.1435 	EXP 	unnamed TextStim: text = 'Falsch, das ist Priebem'
46.1437 	DATA 	learning-1 run1_blk1_LS1_T1: word=Goser corr=Priebem cond=i resp=1 rt=1.7193894386291504 acc=incorrect
46.1619 	EXP 	unnamed ImageStim: image = '/home/niemannf/Documents/Konzepte/Behavioral_Exp_Hub/Git_repository/BEEHub/Projects/APPL/paradigm/psychopy/APPL_paradigm_short/Stimuli/learning/PICTURE_513.jpg'
46.1619 	EXP 	unnamed TextStim: height = np.float64(100.0)
46.1619 	EXP 	unnamed TextStim: height = np.float64(100.0)
46.1619 	EXP 	unnamed TextStim: height = np.float64(100.0)
46.1619 	EXP 	unnamed TextStim: text = 'Seltus'
46.8643 	DATA 	Keypress: 2
48.6807 	EXP 	unnamed TextStim: height = np.float64(60.0)
48.6807 	EXP 	unnamed TextStim: height = np.float64(60.0)
48.6807 	EXP 	unnamed TextStim: height = np.float64(60.0)
48.6807 	EXP 	unnamed TextStim: text = 'Falsch, das ist Seltus'
50.6808 	DATA 	learning-1 run1_blk1_LS1_T2: word=Seltus corr=Seltus cond=c resp=2 rt=0.7023210525512695 acc=incorrect
50.6991 	EXP 	unnamed ImageStim: image = '/home/niemannf/Documents/Konzepte/Behavioral_Exp_Hub/Git_repository/BEEHub/Projects/APPL/paradigm/psychopy/APPL_paradigm_short/Stimuli/learning/PICTURE_24.jpg'
50.6991 	EXP 	unnamed TextStim: height = np.float64(100.0)
50.6991 	EXP 	unnamed TextStim: height = np.float64(100.0)
50.6991 	EXP 	unnamed TextStim: height = np.float64(100.0)
50.6991 	EXP 	unnamed TextStim: text = 'Basut'
51.9443 	DATA 	Keypress: 1
53.2178 	EXP 	unnamed TextStim: height = np.float64(60.0)
53.2178 	EXP 	unnamed TextStim: height = np.float64(60.0)
53.2178 	EXP 	unnamed TextStim: height = np.float64(60.0)
53.2178 	EXP 	unnamed TextStim: text = 'Korrekt, das ist Basut'
55.2180 	DATA 	learning-1 run1_blk1_LS1_T3: word=Basut corr=Basut cond=c resp=1 rt=1.2451262474060059 acc=correct
55.2363 	EXP 	unnamed ImageStim: image = '/home/niemannf/Documents/Konzepte/Behavioral_Exp_Hub/Git_repository/BEEHub/Projects/APPL/paradigm/psychopy/APPL_paradigm_short/Stimuli/learning/PICTURE_397.jpg'
55.2363 	EXP 	unnamed TextStim: height = np.float64(100.0)
55.2363 	EXP 	unnamed TextStim: height = np.float64(100.0)
55.2363 	EXP 	unnamed TextStim: height = np.float64(100.0)
55.2363 	EXP 	unnamed TextStim: text = 'Aume'
56.8163 	DATA 	Keypress: 2
57.7551 	EXP 	unnamed TextStim: height = np.float64(60.0)
57.7551 	EXP 	unnamed TextStim: height = np.float64(60.0)
57.7551 	EXP 	unnamed TextStim: height = np.float64(60.0)
57.7551 	EXP 	unnamed TextStim: text = 'Korrekt, das ist Pofein'
59.7553 	DATA 	learning-1 run1_blk1_LS1_T4: word=Aume corr=Pofein cond=i resp=2 rt=1.5799002647399902 acc=correct
59.7734 	EXP 	unnamed ImageStim: image = '/home/niemannf/Documents/Konzepte/Behavioral_Exp_Hub/Git_repository/BEEHub/Projects/APPL/paradigm/psychopy/APPL_paradigm_short/Stimuli/learning/PICTURE_245.jpg'
59.7734 	EXP 	unnamed TextStim: height = np.float64(100.0)
59.7734 	EXP 	unnamed TextStim: height = np.float64(100.0)
59.7734 	EXP 	unnamed TextStim: height = np.float64(100.0)
59.7734 	EXP 	unnamed TextStim: text = 'Enelt'
61.1604 	DATA 	Keypress: 1
62.2922 	EXP 	unnamed TextStim: height = np.float64(60.0)
62.2922 	EXP 	unnamed TextStim: height = np.float64(60.0)
62.2922 	EXP 	unnamed TextStim: height = np.float64(60.0)
62.2922 	EXP 	unnamed TextStim: text = 'Korrekt, das ist Enelt'
64.2924 	DATA 	learning-1 run1_blk1_LS1_T5: word=Enelt corr=Enelt cond=c resp=1 rt=1.3868401050567627 acc=correct
64.3105 	EXP 	unnamed ImageStim: image = '/home/niemannf/Documents/Konzepte/Behavioral_Exp_Hub/Git_repository/BEEHub/Projects/APPL/paradigm/psychopy/APPL_paradigm_short/Stimuli/learning/PICTURE_513.jpg'
64.3105 	EXP 	unnamed TextStim: height = np.float64(100.0)
64.3105 	EXP 	unnamed TextStim: height = np.float64(100.0)
64.3105 	EXP 	unnamed TextStim: height = np.float64(100.0)
64.3105 	EXP 	unnamed TextStim: text = 'Geward'
65.3284 	DATA 	Keypress: 2
66.8293 	EXP 	unnamed TextStim: height = np.float64(60.0)
66.8293 	EXP 	unnamed TextStim: height = np.float64(60.0)
66.8293 	EXP 	unnamed TextStim: height = np.float64(60.0)
66.8293 	EXP 	unnamed TextStim: text = 'Korrekt, das ist Seltus'
68.8295 	DATA 	learning-1 run1_blk1_LS1_T6: word=Geward corr=Seltus cond=i resp=2 rt=1.017827033996582 acc=correct
68.8478 	EXP 	unnamed ImageStim: image = '/home/niemannf/Documents/Konzepte/Behavioral_Exp_Hub/Git_repository/BEEHub/Projects/APPL/paradigm/psychopy/APPL_paradigm_short/Stimuli/learning/PICTURE_245.jpg'
68.8478 	EXP 	unnamed TextStim: height = np.float64(100.0)
68.8478 	EXP 	unnamed TextStim: height = np.float64(100.0)
68.8478 	EXP 	unnamed TextStim: height = np.float64(100.0)
68.8478 	EXP 	unnamed TextStim: text = 'Pafau'
70.6244 	DATA 	Keypress: 2
71.3665 	EXP 	unnamed TextStim: height = np.float64(60.0)
71.3665 	EXP 	unnamed TextStim: height = np.float64(60.0)
71.3665 	EXP 	unnamed TextStim: height = np.float64(60.0)
71.3665 	EXP 	unnamed TextStim: text = 'Korrekt, das ist Enelt'
73.3667 	DATA 	learning-1 run1_blk1_LS1_T7: word=Pafau corr=Enelt cond=i resp=2 rt=1.7765202522277832 acc=correct
73.3849 	EXP 	unnamed ImageStim: image = '/home/niemannf/Documents/Konzepte/Behavioral_Exp_Hub/Git_repository/BEEHub/Projects/APPL/paradigm/psychopy/APPL_paradigm_short/Stimuli/learning/PICTURE_397.jpg'
73.3849 	EXP 	unnamed TextStim: height = np.float64(100.0)
73.3849 	EXP 	unnamed TextStim: height = np.float64(100.0)
73.3849 	EXP 	unnamed TextStim: height = np.float64(100.0)
73.3849 	EXP 	unnamed TextStim: text = 'Pofein'
74.6325 	DATA 	Keypress: 1
75.9037 	EXP 	unnamed TextStim: height = np.float64(60.0)
75.9037 	EXP 	unnamed TextStim: height = np.float64(60.0)
75.9037 	EXP 	unnamed TextStim: height = np.float64(60.0)
75.9037 	EXP 	unnamed TextStim: text = 'Korrekt, das ist Pofein'
77.9039 	DATA 	learning-1 run1_blk1_LS1_T8: word=Pofein corr=Pofein cond=c resp=1 rt=1.2475087642669678 acc=correct
77.9221 	EXP 	unnamed ImageStim: image = '/home/niemannf/Documents/Konzepte/Behavioral_Exp_Hub/Git_repository/BEEHub/Projects/APPL/paradigm/psychopy/APPL_paradigm_short/Stimuli/learning/PICTURE_40.jpg'
77.9221 	EXP 	unnamed TextStim: height = np.float64(100.0)
77.9221 	EXP 	unnamed TextStim: height = np.float64(100.0)
77.9221 	EXP 	unnamed TextStim: height = np.float64(100.0)
77.9221 	EXP 	unnamed TextStim: text = 'Priebem'
78.2485 	DATA 	Keypress: escape
