4.7412 	WARNING 	Monitor specification not found. Creating a temporary one...
4.7898 	WARNING 	User requested fullscreen with size [1280  720], but screen is actually [1920, 1200]. Using actual size
5.4162 	EXP 	Created window1 = Window(allowGUI=False, allowStencil=False, autoLog=True, backendConf=UNKNOWN, backgroundFit=<method-wrapper '__getattribute__' of attributeSetter object at 0x7f90b46fe790>, backgroundImage=<method-wrapper '__getattribute__' of attributeSetter object at 0x7f90b46fc550>, bitsMode=UNKNOWN, blendMode='avg', bpc=(8, 8, 8), color=array([-1, -1, -1]), colorSpace='rgb', depthBits=8, fullscr=True, gamma=None, gammaErrorPolicy='raise', infoMsg=UNKNOWN, lms=UNKNOWN, monitor=<psychopy.monitors.calibTools.Monitor object at 0x7f90aeaf8890>, multiSample=False, name='window1', numSamples=2, pos=[np.float64(0.0), np.float64(0.0)], screen=0, size=array([1920, 1200]), stencilBits=0, stereo=False, title='PsychoPy', units='pix', useFBO=False, useRetina=False, viewOri=0.0, viewPos=None, viewScale=None, waitBlanking=True, winType='pyglet')
5.4162 	EXP 	window1: backgroundImage = None
5.4162 	EXP 	window1: backgroundFit = 'cover'
5.4461 	EXP 	Created unnamed TextStim = TextStim(__class__=<class 'psychopy.visual.text.TextStim'>, alignHoriz=method-wrapper(...), alignText='center', alignVert=method-wrapper(...), anchorHoriz='center', anchorVert='center', antialias=True, autoDraw=False, autoLog=True, bold=False, color=array([1., 1., 1.]), colorSpace='rgb', contrast=1.0, depth=0, draggable=False, flipHoriz=False, flipVert=False, font='', fontFiles=[], height=np.float64(100.0), italic=False, languageStyle='LTR', name='unnamed TextStim', opacity=1.0, ori=0.0, pos=array([0., 0.]), rgb=UNKNOWN, text='+', units='pix', win=Window(...), wrapWidth=500)
5.4479 	EXP 	Created unnamed TextStim = TextStim(__class__=<class 'psychopy.visual.text.TextStim'>, alignHoriz=method-wrapper(...), alignText='center', alignVert=method-wrapper(...), anchorHoriz='center', anchorVert='center', antialias=True, autoDraw=False, autoLog=True, bold=False, color=array([1., 1., 1.]), colorSpace='rgb', contrast=1.0, depth=0, draggable=False, flipHoriz=False, flipVert=False, font='', fontFiles=[], height=60, italic=False, languageStyle='LTR', name='unnamed TextStim', opacity=1.0, ori=0.0, pos=array([0., 0.]), rgb=UNKNOWN, text='', units='pix', win=Window(...), wrapWidth=1100)
5.4490 	EXP 	Created unnamed TextStim = TextStim(__class__=<class 'psychopy.visual.text.TextStim'>, alignHoriz=method-wrapper(...), alignText='center', alignVert=method-wrapper(...), anchorHoriz='center', anchorVert='center', antialias=True, autoDraw=False, autoLog=True, bold=False, color=array([1., 1., 1.]), colorSpace='rgb', contrast=1.0, depth=0, draggable=False, flipHoriz=False, flipVert=False, font='', fontFiles=[], height=100, italic=False, languageStyle='LTR', name='unnamed TextStim', opacity=1.0, ori=0.0, pos=array([   0., -400.]), rgb=UNKNOWN, text='', units='pix', win=Window(...), wrapWidth=600)
5.4506 	EXP 	Created unnamed ImageStim = ImageStim(__class__=<class 'psychopy.visual.image.ImageStim'>, anchor=('center', 'center'), autoLog=True, color=array([1., 1., 1.]), colorSpace='rgb', contrast=1.0, depth=0, draggable=False, flipHoriz=np.False_, flipVert=np.False_, image=None, interpolate=False, mask=None, maskParams=None, name='unnamed ImageStim', opacity=1, ori=0.0, pos=array([0., 0.]), size=array([600., 600.]), texRes=128, units='pix', win=Window(...))
5.4520 	EXP 	Created unnamed ImageStim = ImageStim(__class__=<class 'psychopy.visual.image.ImageStim'>, anchor=('center', 'center'), autoLog=True, color=array([1., 1., 1.]), colorSpace='rgb', contrast=1.0, depth=0, draggable=False, flipHoriz=np.False_, flipVert=np.False_, image=None, interpolate=False, mask=None, maskParams=None, name='unnamed ImageStim', opacity=1, ori=0.0, pos=array([0., 0.]), size=array([600., 398.]), texRes=128, units='pix', win=Window(...))
5.4533 	EXP 	Created unnamed ImageStim = ImageStim(__class__=<class 'psychopy.visual.image.ImageStim'>, anchor=('center', 'center'), autoLog=True, color=array([1., 1., 1.]), colorSpace='rgb', contrast=1.0, depth=0, draggable=False, flipHoriz=np.False_, flipVert=np.False_, image=None, interpolate=False, mask=None, maskParams=None, name='unnamed ImageStim', opacity=1, ori=0.0, pos=array([0., 0.]), size=array([1224.,  987.]), texRes=128, units='pix', win=Window(...))
5.4580 	EXP 	Created unnamed TextStim = TextStim(__class__=<class 'psychopy.visual.text.TextStim'>, alignHoriz=method-wrapper(...), alignText='center', alignVert=method-wrapper(...), anchorHoriz='center', anchorVert='center', antialias=True, autoDraw=False, autoLog=True, bold=False, color=array([1., 1., 1.]), colorSpace='rgb', contrast=1.0, depth=0, draggable=False, flipHoriz=False, flipVert=False, font='', fontFiles=[], height=np.float64(40.0), italic=False, languageStyle='LTR', name='unnamed TextStim', opacity=1.0, ori=0.0, pos=array([-340., -490.]), rgb=UNKNOWN, text='1 = Ja', units='pix', win=Window(...), wrapWidth=500)
5.4615 	EXP 	Created unnamed TextStim = TextStim(__class__=<class 'psychopy.visual.text.TextStim'>, alignHoriz=method-wrapper(...), alignText='center', alignVert=method-wrapper(...), anchorHoriz='center', anchorVert='center', antialias=True, autoDraw=False, autoLog=True, bold=False, color=array([1., 1., 1.]), colorSpace='rgb', contrast=1.0, depth=0, draggable=False, flipHoriz=False, flipVert=False, font='', fontFiles=[], height=np.float64(40.0), italic=False, languageStyle='LTR', name='unnamed TextStim', opacity=1.0, ori=0.0, pos=array([ 340., -490.]), rgb=UNKNOWN, text='2 = Nein', units='pix', win=Window(...), wrapWidth=500)
5.4630 	EXP 	Created unnamed ImageStim = ImageStim(__class__=<class 'psychopy.visual.image.ImageStim'>, anchor=('center', 'center'), autoLog=True, color=array([1., 1., 1.]), colorSpace='rgb', contrast=1.0, depth=0, draggable=False, flipHoriz=np.False_, flipVert=np.False_, image=None, interpolate=False, mask=None, maskParams=None, name='unnamed ImageStim', opacity=1, ori=0.0, pos=array([0., 0.]), size=array([1280.,  720.]), texRes=128, units='pix', win=Window(...))
5.4708 	EXP 	Created unnamed TextStim = TextStim(__class__=<class 'psychopy.visual.text.TextStim'>, alignHoriz=method-wrapper(...), alignText='center', alignVert=method-wrapper(...), anchorHoriz='center', anchorVert='center', antialias=True, autoDraw=False, autoLog=True, bold=False, color=array([1., 1., 1.]), colorSpace='rgb', contrast=1.0, depth=0, draggable=False, flipHoriz=False, flipVert=False, font='', fontFiles=[], height=np.float64(50.0), italic=False, languageStyle='LTR', name='unnamed TextStim', opacity=1.0, ori=0.0, pos=array([0., 0.]), rgb=UNKNOWN, text='[instr_11.jpg]\n\nDrücke 1', units='pix', win=Window(...), wrapWidth=1100)
6.7711 	DATA 	Keypress: right
7.1070 	DATA 	Keypress: left
7.4990 	DATA 	Keypress: space
9.3310 	DATA 	Keypress: 1
9.3338 	EXP 	Created unnamed TextStim = TextStim(__class__=<class 'psychopy.visual.text.TextStim'>, alignHoriz=method-wrapper(...), alignText='center', alignVert=method-wrapper(...), anchorHoriz='center', anchorVert='center', antialias=True, autoDraw=False, autoLog=True, bold=False, color=array([1., 1., 1.]), colorSpace='rgb', contrast=1.0, depth=0, draggable=False, flipHoriz=False, flipVert=False, font='', fontFiles=[], height=np.float64(50.0), italic=False, languageStyle='LTR', name='unnamed TextStim', opacity=1.0, ori=0.0, pos=array([0., 0.]), rgb=UNKNOWN, text='[instr_12.jpg]\n\nDrücke 1', units='pix', win=Window(...), wrapWidth=1100)
9.5788 	DATA 	Keypress: 1
9.5812 	EXP 	Created unnamed TextStim = TextStim(__class__=<class 'psychopy.visual.text.TextStim'>, alignHoriz=method-wrapper(...), alignText='center', alignVert=method-wrapper(...), anchorHoriz='center', anchorVert='center', antialias=True, autoDraw=False, autoLog=True, bold=False, color=array([1., 1., 1.]), colorSpace='rgb', contrast=1.0, depth=0, draggable=False, flipHoriz=False, flipVert=False, font='', fontFiles=[], height=np.float64(50.0), italic=False, languageStyle='LTR', name='unnamed TextStim', opacity=1.0, ori=0.0, pos=array([0., 0.]), rgb=UNKNOWN, text='[instr_13.jpg]\n\nDrücke 1', units='pix', win=Window(...), wrapWidth=1100)
9.7868 	DATA 	Keypress: 2
9.9868 	DATA 	Keypress: 1
9.9892 	EXP 	Created unnamed TextStim = TextStim(__class__=<class 'psychopy.visual.text.TextStim'>, alignHoriz=method-wrapper(...), alignText='center', alignVert=method-wrapper(...), anchorHoriz='center', anchorVert='center', antialias=True, autoDraw=False, autoLog=True, bold=False, color=array([1., 1., 1.]), colorSpace='rgb', contrast=1.0, depth=0, draggable=False, flipHoriz=False, flipVert=False, font='', fontFiles=[], height=np.float64(50.0), italic=False, languageStyle='LTR', name='unnamed TextStim', opacity=1.0, ori=0.0, pos=array([0., 0.]), rgb=UNKNOWN, text='[instr_14.jpg]\n\nDrücke 1', units='pix', win=Window(...), wrapWidth=1100)
10.1948 	DATA 	Keypress: 1
10.1972 	EXP 	Created unnamed TextStim = TextStim(__class__=<class 'psychopy.visual.text.TextStim'>, alignHoriz=method-wrapper(...), alignText='center', alignVert=method-wrapper(...), anchorHoriz='center', anchorVert='center', antialias=True, autoDraw=False, autoLog=True, bold=False, color=array([1., 1., 1.]), colorSpace='rgb', contrast=1.0, depth=0, draggable=False, flipHoriz=False, flipVert=False, font='', fontFiles=[], height=np.float64(50.0), italic=False, languageStyle='LTR', name='unnamed TextStim', opacity=1.0, ori=0.0, pos=array([0., 0.]), rgb=UNKNOWN, text='[instr_15.jpg]\n\nDrücke 1', units='pix', win=Window(...), wrapWidth=1100)
10.3548 	DATA 	Keypress: 1
10.3572 	EXP 	Created unnamed TextStim = TextStim(__class__=<class 'psychopy.visual.text.TextStim'>, alignHoriz=method-wrapper(...), alignText='center', alignVert=method-wrapper(...), anchorHoriz='center', anchorVert='center', antialias=True, autoDraw=False, autoLog=True, bold=False, color=array([1., 1., 1.]), colorSpace='rgb', contrast=1.0, depth=0, draggable=False, flipHoriz=False, flipVert=False, font='', fontFiles=[], height=np.float64(50.0), italic=False, languageStyle='LTR', name='unnamed TextStim', opacity=1.0, ori=0.0, pos=array([0., 0.]), rgb=UNKNOWN, text='[instr_16.jpg]\n\nDrücke 1', units='pix', win=Window(...), wrapWidth=1100)
10.4988 	DATA 	Keypress: 1
10.5011 	EXP 	Created unnamed TextStim = TextStim(__class__=<class 'psychopy.visual.text.TextStim'>, alignHoriz=method-wrapper(...), alignText='center', alignVert=method-wrapper(...), anchorHoriz='center', anchorVert='center', antialias=True, autoDraw=False, autoLog=True, bold=False, color=array([1., 1., 1.]), colorSpace='rgb', contrast=1.0, depth=0, draggable=False, flipHoriz=False, flipVert=False, font='', fontFiles=[], height=np.float64(50.0), italic=False, languageStyle='LTR', name='unnamed TextStim', opacity=1.0, ori=0.0, pos=array([0., 0.]), rgb=UNKNOWN, text='[instr_17.jpg]\n\nDrücke 2', units='pix', win=Window(...), wrapWidth=1100)
10.6588 	DATA 	Keypress: 1
10.8348 	DATA 	Keypress: 1
11.0269 	DATA 	Keypress: 1
11.2188 	DATA 	Keypress: 1
11.4029 	DATA 	Keypress: 1
11.5630 	DATA 	Keypress: 1
12.1710 	DATA 	Keypress: 1
12.6670 	DATA 	Keypress: 2
12.6685 	EXP 	Created unnamed ImageStim = ImageStim(__class__=<class 'psychopy.visual.image.ImageStim'>, anchor=('center', 'center'), autoLog=True, color=array([1., 1., 1.]), colorSpace='rgb', contrast=1.0, depth=0, draggable=False, flipHoriz=np.False_, flipVert=np.False_, image=None, interpolate=False, mask=None, maskParams=None, name='unnamed ImageStim', opacity=1, ori=0.0, pos=array([0., 0.]), size=array([1280.,  720.]), texRes=128, units='pix', win=Window(...))
12.6708 	EXP 	Created unnamed TextStim = TextStim(__class__=<class 'psychopy.visual.text.TextStim'>, alignHoriz=method-wrapper(...), alignText='center', alignVert=method-wrapper(...), anchorHoriz='center', anchorVert='center', antialias=True, autoDraw=False, autoLog=True, bold=False, color=array([1., 1., 1.]), colorSpace='rgb', contrast=1.0, depth=0, draggable=False, flipHoriz=False, flipVert=False, font='', fontFiles=[], height=np.float64(50.0), italic=False, languageStyle='LTR', name='unnamed TextStim', opacity=1.0, ori=0.0, pos=array([0., 0.]), rgb=UNKNOWN, text='[instr_21.jpg]\n\nDrücke 2', units='pix', win=Window(...), wrapWidth=1100)
12.8589 	DATA 	Keypress: 2
12.8803 	EXP 	unnamed ImageStim: image = '/home/niemannf/Documents/Konzepte/Behavioral_Exp_Hub/Git_repository/BEEHub/Projects/APPL/paradigm/psychopy/APPL_paradigm_short/Stimuli/bubbles/hello.jpg'
13.0320 	DATA 	Keypress: 2
13.2154 	DATA 	Keypress: 2
15.7996 	DATA 	Keypress: 1
16.3376 	DATA 	Keypress: 2
17.1871 	DATA 	Keypress: 1
17.4006 	EXP 	unnamed ImageStim: image = '/home/niemannf/Documents/Konzepte/Behavioral_Exp_Hub/Git_repository/BEEHub/Projects/APPL/paradigm/psychopy/APPL_paradigm_short/Stimuli/bubbles/learning.jpg'
17.4916 	DATA 	Keypress: space
19.3033 	DATA 	Keypress: 1
20.1325 	DATA 	Keypress: 2
21.9134 	EXP 	unnamed ImageStim: image = '/home/niemannf/Documents/Konzepte/Behavioral_Exp_Hub/Git_repository/BEEHub/Projects/APPL/paradigm/psychopy/APPL_paradigm_short/Stimuli/learning/PICTURE_308.jpg'
21.9134 	EXP 	unnamed TextStim: height = np.float64(100.0)
21.9134 	EXP 	unnamed TextStim: height = np.float64(100.0)
21.9134 	EXP 	unnamed TextStim: height = np.float64(100.0)
21.9134 	EXP 	unnamed TextStim: text = 'Ingam'
24.4322 	EXP 	unnamed TextStim: height = np.float64(60.0)
24.4322 	EXP 	unnamed TextStim: height = np.float64(60.0)
24.4322 	EXP 	unnamed TextStim: height = np.float64(60.0)
24.4322 	EXP 	unnamed TextStim: text = 'Zu spät, das ist Ingam'
26.4323 	DATA 	learning-2 run1_blk2_LS1_T1: word=Ingam corr=Ingam cond=c resp=None rt=None acc=timeout
26.4505 	EXP 	unnamed ImageStim: image = '/home/niemannf/Documents/Konzepte/Behavioral_Exp_Hub/Git_repository/BEEHub/Projects/APPL/paradigm/psychopy/APPL_paradigm_short/Stimuli/learning/PICTURE_606.jpg'
26.4505 	EXP 	unnamed TextStim: height = np.float64(100.0)
26.4505 	EXP 	unnamed TextStim: height = np.float64(100.0)
26.4505 	EXP 	unnamed TextStim: height = np.float64(100.0)
26.4505 	EXP 	unnamed TextStim: text = 'Plumpent'
27.0032 	DATA 	Keypress: 1
28.9694 	EXP 	unnamed TextStim: height = np.float64(60.0)
28.9694 	EXP 	unnamed TextStim: height = np.float64(60.0)
28.9694 	EXP 	unnamed TextStim: height = np.float64(60.0)
28.9694 	EXP 	unnamed TextStim: text = 'Falsch, das ist Lokrast'
30.9695 	DATA 	learning-2 run1_blk2_LS1_T2: word=Plumpent corr=Lokrast cond=i resp=1 rt=0.5526583194732666 acc=incorrect
30.9878 	EXP 	unnamed ImageStim: image = '/home/niemannf/Documents/Konzepte/Behavioral_Exp_Hub/Git_repository/BEEHub/Projects/APPL/paradigm/psychopy/APPL_paradigm_short/Stimuli/learning/PICTURE_354.jpg'
30.9878 	EXP 	unnamed TextStim: height = np.float64(100.0)
30.9878 	EXP 	unnamed TextStim: height = np.float64(100.0)
30.9878 	EXP 	unnamed TextStim: height = np.float64(100.0)
30.9878 	EXP 	unnamed TextStim: text = 'Sporkel'
31.8033 	DATA 	Keypress: 2
33.5065 	EXP 	unnamed TextStim: height = np.float64(60.0)
33.5065 	EXP 	unnamed TextStim: height = np.float64(60.0)
33.5065 	EXP 	unnamed TextStim: height = np.float64(60.0)
33.5065 	EXP 	unnamed TextStim: text = 'Korrekt, das ist Aglud'
35.5067 	DATA 	learning-2 run1_blk2_LS1_T3: word=Sporkel corr=Aglud cond=i resp=2 rt=0.8154709339141846 acc=correct
35.5249 	EXP 	unnamed ImageStim: image = '/home/niemannf/Documents/Konzepte/Behavioral_Exp_Hub/Git_repository/BEEHub/Projects/APPL/paradigm/psychopy/APPL_paradigm_short/Stimuli/learning/PICTURE_673.jpg'
35.5249 	EXP 	unnamed TextStim: height = np.float64(100.0)
35.5249 	EXP 	unnamed TextStim: height = np.float64(100.0)
35.5249 	EXP 	unnamed TextStim: height = np.float64(100.0)
35.5249 	EXP 	unnamed TextStim: text = 'Ingal'
36.5314 	DATA 	Keypress: escape
