Scenario - block_1
Logfile written - 09/05/2024 13:44:58

Subject	Trial	Event Type	Code	Time	TTime	Uncertainty	Duration	Uncertainty	ReqTime	ReqDur	Stim Type	Pair Index

1234567890ß	1	Picture	Hello - Intro	10500	0	1	243469	1	0	next	other	0
1234567890ß	1	Port Input	98	180609	170109	1
1234567890ß	1	Response	1	180609	170109	1
1234567890ß	1	Port Input	97	189725	179225	1
1234567890ß	1	Response	2	189725	179225	1
1234567890ß	1	Port Input	98	215955	205455	1
1234567890ß	1	Response	1	215955	205455	1
1234567890ß	1	Port Input	97	220273	209773	1
1234567890ß	1	Response	2	220273	209773	1
1234567890ß	1	Port Input	115	223791	213292	1
1234567890ß	1	Pulse	30	223791	213292	1
1234567890ß	1	Port Input	98	223951	213452	1
1234567890ß	1	Response	1	223951	213452	1
1234567890ß	1	Port Input	115	233707	223208	1
1234567890ß	1	Pulse	30	233707	223208	1
1234567890ß	1	Port Input	115	243783	233283	1
1234567890ß	1	Pulse	30	243783	233283	1
1234567890ß	1	Port Input	115	253699	243199	1
1234567890ß	1	Pulse	30	253699	243199	1
1234567890ß	2	Picture	fix	253969	0	1	45161	1	0	next	other	0
1234567890ß	2	Port Input	115	263775	9807	1
1234567890ß	2	Pulse	30	263775	9807	1
1234567890ß	2	Port Input	115	273691	19723	1
1234567890ß	2	Pulse	30	273691	19723	1
1234567890ß	2	Port Input	115	283768	29799	1
1234567890ß	2	Pulse	30	283768	29799	1
1234567890ß	2	Port Input	115	293683	39715	1
1234567890ß	2	Pulse	30	293683	39715	1
1234567890ß	3	Picture	fix	299130	0	1	45161	1	0	next	other	0
1234567890ß	3	Port Input	115	303759	4630	1
1234567890ß	3	Pulse	30	303759	4630	1
1234567890ß	3	Port Input	115	313676	14546	1
1234567890ß	3	Pulse	30	313676	14546	1
1234567890ß	3	Port Input	115	323751	24622	1
1234567890ß	3	Pulse	30	323751	24622	1
1234567890ß	3	Port Input	115	333667	34537	1
1234567890ß	3	Pulse	30	333667	34537	1
1234567890ß	3	Port Input	115	343743	44614	1
1234567890ß	3	Pulse	30	343743	44614	1
1234567890ß	4	Picture	fix	344290	0	1	45494	1	0	next	other	0
1234567890ß	4	Port Input	115	353659	9369	1
1234567890ß	4	Pulse	30	353659	9369	1
1234567890ß	4	Port Input	115	363735	19445	1
1234567890ß	4	Pulse	30	363735	19445	1
1234567890ß	4	Port Input	115	373651	29361	1
1234567890ß	4	Pulse	30	373651	29361	1
1234567890ß	4	Port Input	115	383727	39436	1
1234567890ß	4	Pulse	30	383727	39436	1
1234567890ß	5	Picture	bubbles/learning.png	389785	0	1	45827	1	0	next	other	0
1234567890ß	5	Port Input	115	393643	3858	1
1234567890ß	5	Pulse	30	393643	3858	1
1234567890ß	5	Port Input	115	403719	13934	1
1234567890ß	5	Pulse	30	403719	13934	1
1234567890ß	5	Port Input	115	413795	24010	1
1234567890ß	5	Pulse	30	413795	24010	1
1234567890ß	5	Port Input	115	423711	33926	1
1234567890ß	5	Pulse	30	423711	33926	1
1234567890ß	5	Port Input	115	433787	44002	1
1234567890ß	5	Pulse	30	433787	44002	1
1234567890ß	6	Picture	h107_p41_i_up_left.jpg;block1;LS1	435612	0	1	16331	1	0	next	other	0
1234567890ß	6	Port Input	115	443703	8091	1
1234567890ß	6	Pulse	30	443703	8091	1
1234567890ß	6	Port Input	98	451060	15447	1
1234567890ß	6	Response	1	451060	15447	1
1234567890ß	7	Picture	extra Pic Time	451943	0	1	9832	1	0	next	other	0
1234567890ß	7	Port Input	115	453779	1835	1
1234567890ß	7	Pulse	30	453779	1835	1
1234567890ß	8	Picture	incorrect;h107_p42_k_up_right.jpg	461775	0	1	20997	1	0	next	other	0
1234567890ß	8	Port Input	115	463694	1919	1
1234567890ß	8	Pulse	30	463694	1919	1
1234567890ß	8	Port Input	97	464654	2879	1
1234567890ß	8	Response	2	464654	2879	1
1234567890ß	8	Port Input	98	473291	11515	1
1234567890ß	8	Response	1	473291	11515	1
1234567890ß	8	Port Input	115	473771	11995	1
1234567890ß	8	Pulse	30	473771	11995	1
1234567890ß	8	Port Input	97	480968	19192	1
1234567890ß	8	Response	2	480968	19192	1
1234567890ß	9	Picture	h109_p51_k_up_left.jpg;block1;LS1	482773	0	1	4166	1	0	next	other	0
1234567890ß	9	Port Input	115	483687	914	1
1234567890ß	9	Pulse	30	483687	914	1
1234567890ß	9	Port Input	98	486085	3313	1
1234567890ß	9	Response	1	486085	3313	1
1234567890ß	10	Picture	extra Pic Time	486939	0	1	21997	1	0	next	other	0
1234567890ß	10	Port Input	97	491203	4265	1
1234567890ß	10	Response	2	491203	4265	1
1234567890ß	10	Port Input	115	493762	6824	1
1234567890ß	10	Pulse	30	493762	6824	1
1234567890ß	10	Port Input	98	495522	8583	1
1234567890ß	10	Response	1	495522	8583	1
1234567890ß	10	Port Input	115	503679	16740	1
1234567890ß	10	Pulse	30	503679	16740	1
1234567890ß	10	Port Input	98	507837	20898	1
1234567890ß	10	Response	1	507837	20898	1
1234567890ß	11	Picture	correct;h109_p51_k_up_left.jpg	508936	0	1	20997	1	0	next	other	0
1234567890ß	11	Port Input	115	513754	4818	1
1234567890ß	11	Pulse	30	513754	4818	1
1234567890ß	11	Port Input	97	519832	10895	1
1234567890ß	11	Response	2	519832	10895	1
1234567890ß	11	Port Input	115	523670	14734	1
1234567890ß	11	Pulse	30	523670	14734	1
1234567890ß	12	Picture	h18_p7_k_down_right.jpg;block1;LS1	529933	0	1	20164	1	0	next	other	0
1234567890ß	12	Port Input	115	533746	3812	1
1234567890ß	12	Pulse	30	533746	3812	1
1234567890ß	12	Port Input	115	543662	13728	1
1234567890ß	12	Pulse	30	543662	13728	1
1234567890ß	12	Port Input	98	549099	19166	1
1234567890ß	12	Response	1	549099	19166	1
1234567890ß	13	Picture	extra Pic Time	550097	0	1	5999	1	0	next	other	0
1234567890ß	13	Port Input	115	553737	3640	1
1234567890ß	13	Pulse	30	553737	3640	1
1234567890ß	14	Picture	correct;h18_p7_k_down_right.jpg	556097	0	1	20997	1	0	next	other	0
1234567890ß	14	Port Input	97	558855	2759	1
1234567890ß	14	Response	2	558855	2759	1
1234567890ß	14	Port Input	115	563653	7557	1
1234567890ß	14	Pulse	30	563653	7557	1
1234567890ß	14	Port Input	115	573729	17632	1
1234567890ß	14	Pulse	30	573729	17632	1
1234567890ß	14	Port Input	98	574529	18432	1
1234567890ß	14	Response	1	574529	18432	1
1234567890ß	15	Picture	h12_p4_k_down_left.jpg;block1;LS1	577094	0	1	1833	1	0	next	other	0
1234567890ß	15	Port Input	97	578047	953	1
1234567890ß	15	Response	2	578047	953	1
1234567890ß	16	Picture	extra Pic Time	578927	0	1	24330	1	0	next	other	0
1234567890ß	16	Port Input	98	580926	1999	1
1234567890ß	16	Response	1	580926	1999	1
1234567890ß	16	Port Input	115	583645	4718	1
1234567890ß	16	Pulse	30	583645	4718	1
1234567890ß	16	Port Input	97	593082	14154	1
1234567890ß	16	Response	2	593082	14154	1
1234567890ß	16	Port Input	115	593721	14794	1
1234567890ß	16	Pulse	30	593721	14794	1
1234567890ß	16	Port Input	98	595960	17033	1
1234567890ß	16	Response	1	595960	17033	1
1234567890ß	17	Picture	incorrect;h12_p4_k_down_left.jpg	603257	0	1	20997	1	0	next	other	0
1234567890ß	17	Port Input	115	603637	380	1
1234567890ß	17	Pulse	30	603637	380	1
1234567890ß	17	Port Input	115	613713	10456	1
1234567890ß	17	Pulse	30	613713	10456	1
1234567890ß	17	Port Input	115	623258	20001	846
1234567890ß	17	Pulse	30	623258	20001	846
1234567890ß	18	Picture	h22_p21_k_down_left.jpg;block1;LS1	624255	0	1	25997	1	0	next	other	0
1234567890ß	18	Port Input	115	633704	9450	1
1234567890ß	18	Pulse	30	633704	9450	1
1234567890ß	18	Port Input	115	643780	19526	1
1234567890ß	18	Pulse	30	643780	19526	1
1234567890ß	19	Picture	to late	650251	0	1	20997	1	0	next	other	0
1234567890ß	19	Port Input	115	653696	3445	1
1234567890ß	19	Pulse	30	653696	3445	1
1234567890ß	19	Port Input	115	663773	13521	1
1234567890ß	19	Pulse	30	663773	13521	1
1234567890ß	20	Picture	h108_p27_k_up_right.jpg;block1;LS1	671249	0	1	25997	1	0	next	other	0
1234567890ß	20	Port Input	115	673689	2440	1
1234567890ß	20	Pulse	30	673689	2440	1
1234567890ß	20	Port Input	115	683765	12516	1
1234567890ß	20	Pulse	30	683765	12516	1
1234567890ß	20	Port Input	115	693681	22432	1
1234567890ß	20	Pulse	30	693681	22432	1
1234567890ß	21	Picture	to late	697245	0	1	20997	1	0	next	other	0
1234567890ß	21	Port Input	115	703757	6512	1
1234567890ß	21	Pulse	30	703757	6512	1
1234567890ß	21	Port Input	115	713673	16428	1
1234567890ß	21	Pulse	30	713673	16428	1
1234567890ß	22	Picture	h107_p42_k_up_right.jpg;block1;LS1	718243	0	1	25997	1	0	next	other	0
1234567890ß	22	Port Input	115	723749	5506	1
1234567890ß	22	Pulse	30	723749	5506	1
1234567890ß	22	Port Input	115	733665	15423	1
1234567890ß	22	Pulse	30	733665	15423	1
1234567890ß	22	Port Input	115	743244	25001	727
1234567890ß	22	Pulse	30	743244	25001	727
1234567890ß	23	Picture	to late	744239	0	1	20831	1	0	next	other	0
1234567890ß	23	Port Input	115	753657	9418	1
1234567890ß	23	Pulse	30	753657	9418	1
1234567890ß	23	Port Input	115	763736	19497	1
1234567890ß	23	Pulse	30	763736	19497	1
1234567890ß	24	Picture	h108_p34_i_up_right.jpg;block1;LS1	765070	0	1	48785	1	0	next	other	0
1234567890ß	24	Port Input	115	773649	8579	1
1234567890ß	24	Pulse	30	773649	8579	1
1234567890ß	24	Quit		780817	15747	NA


Event Type	Code	Type	Response	RT	RT Uncertainty	Time	Uncertainty	Duration	Uncertainty	ReqTime	ReqDur

Picture	Hello - Intro	other				10500	1	243469	1	0	next
Picture	fix	other				253969	1	45161	1	0	next
Picture	fix	other				299130	1	45161	1	0	next
Picture	fix	other				344290	1	45494	1	0	next
Picture	bubbles/learning.png	other				389785	1	45827	1	0	next
Picture	h107_p41_i_up_left.jpg;block1;LS1	other				435612	1	16331	1	0	next
Picture	extra Pic Time	other				451943	1	9832	1	0	next
Picture	incorrect;h107_p42_k_up_right.jpg	other				461775	1	20997	1	0	next
Picture	h109_p51_k_up_left.jpg;block1;LS1	other				482773	1	4166	1	0	next
Picture	extra Pic Time	other				486939	1	21997	1	0	next
Picture	correct;h109_p51_k_up_left.jpg	other				508936	1	20997	1	0	next
Picture	h18_p7_k_down_right.jpg;block1;LS1	other				529933	1	20164	1	0	next
Picture	extra Pic Time	other				550097	1	5999	1	0	next
Picture	correct;h18_p7_k_down_right.jpg	other				556097	1	20997	1	0	next
Picture	h12_p4_k_down_left.jpg;block1;LS1	other				577094	1	1833	1	0	next
Picture	extra Pic Time	other				578927	1	24330	1	0	next
Picture	incorrect;h12_p4_k_down_left.jpg	other				603257	1	20997	1	0	next
Picture	h22_p21_k_down_left.jpg;block1;LS1	other				624255	1	25997	1	0	next
Picture	to late	other				650251	1	20997	1	0	next
Picture	h108_p27_k_up_right.jpg;block1;LS1	other				671249	1	25997	1	0	next
Picture	to late	other				697245	1	20997	1	0	next
Picture	h107_p42_k_up_right.jpg;block1;LS1	other				718243	1	25997	1	0	next
Picture	to late	other				744239	1	20831	1	0	next
Picture	h108_p34_i_up_right.jpg;block1;LS1	other				765070	1	48785	1	0	next


{
   "app": "Presentation Version 24.0 Build 07.19.23",
   "device": "Dell Inc. Latitude 3410",
   "experiment": "",
   "os": "Windows 10 64 bit",
   "package": "",
   "parameters": {
      "configuration": "Default configuration"
   },
   "scenario": "03_learning.sce",
   "subject": "1234567890ß",
   "timestamp": "2024/09/05 12:43:33 GMT"
}
