Scenario - fMRI-SET-2
Logfile written - 06/18/2025 14:47:02

Subject	Trial	Event Type	Code	Time	TTime	Uncertainty	Duration	Uncertainty	ReqTime	ReqDur	Stim Type	Pair Index

1234567890ß	1	Picture	Hello - Intro	10333	0	1	382118	1	0	next	other	0
1234567890ß	1	Port Input	115	362197	351864	1
1234567890ß	1	Pulse	30	362197	351864	1
1234567890ß	1	Port Input	115	372273	361940	1
1234567890ß	1	Pulse	30	372273	361940	1
1234567890ß	1	Port Input	115	382189	371856	1
1234567890ß	1	Pulse	30	382189	371856	1
1234567890ß	1	Port Input	115	392265	381932	1
1234567890ß	1	Pulse	30	392265	381932	1
1234567890ß	2	Picture	fix	392451	0	1	45161	1	0	next	other	0
1234567890ß	2	Port Input	115	402341	9890	1
1234567890ß	2	Pulse	30	402341	9890	1
1234567890ß	2	Port Input	115	412257	19806	1
1234567890ß	2	Pulse	30	412257	19806	1
1234567890ß	2	Port Input	115	422333	29882	1
1234567890ß	2	Pulse	30	422333	29882	1
1234567890ß	2	Port Input	115	432249	39798	1
1234567890ß	2	Pulse	30	432249	39798	1
1234567890ß	3	Picture	fix	437612	0	1	45161	1	0	next	other	0
1234567890ß	3	Port Input	115	442325	4713	1
1234567890ß	3	Pulse	30	442325	4713	1
1234567890ß	3	Port Input	115	452241	14629	1
1234567890ß	3	Pulse	30	452241	14629	1
1234567890ß	3	Port Input	115	462316	24705	1
1234567890ß	3	Pulse	30	462316	24705	1
1234567890ß	3	Port Input	115	472232	34621	1
1234567890ß	3	Pulse	30	472232	34621	1
1234567890ß	3	Port Input	115	482308	44696	1
1234567890ß	3	Pulse	30	482308	44696	1
1234567890ß	4	Picture	fix	482773	0	1	45328	1	0	next	other	0
1234567890ß	4	Port Input	115	492224	9451	1
1234567890ß	4	Pulse	30	492224	9451	1
1234567890ß	4	Port Input	115	502300	19527	1
1234567890ß	4	Pulse	30	502300	19527	1
1234567890ß	4	Port Input	115	512215	29443	1
1234567890ß	4	Pulse	30	512215	29443	1
1234567890ß	4	Port Input	115	522292	39519	1
1234567890ß	4	Pulse	30	522292	39519	1
1234567890ß	5	Picture	bubbles/learning.jpg	528100	0	1	45328	1	0	next	other	0
1234567890ß	5	Port Input	115	532206	4106	1
1234567890ß	5	Pulse	30	532206	4106	1
1234567890ß	5	Port Input	115	542282	14182	1
1234567890ß	5	Pulse	30	542282	14182	1
1234567890ß	5	Port Input	115	552198	24098	1
1234567890ß	5	Pulse	30	552198	24098	1
1234567890ß	5	Port Input	115	562273	34173	1
1234567890ß	5	Pulse	30	562273	34173	1
1234567890ß	5	Port Input	115	572189	44089	1
1234567890ß	5	Pulse	30	572189	44089	1
1234567890ß	6	Picture	learning/PICTURE_695.jpg;Joper;Joten;i;block1;LS1	573428	0	1	25163	1	0	25000	other	0
1234567890ß	6	Port Input	115	582265	8837	1
1234567890ß	6	Pulse	30	582265	8837	1
1234567890ß	6	Port Input	115	592341	18913	1
1234567890ß	6	Pulse	30	592341	18913	1
1234567890ß	7	Picture	Zu spät, das ist Joten	598758	0	1	20331	1	0	next	other	0
1234567890ß	7	Port Input	115	602257	3499	1
1234567890ß	7	Pulse	30	602257	3499	1
1234567890ß	7	Port Input	115	612332	13575	1
1234567890ß	7	Pulse	30	612332	13575	1
1234567890ß	8	Picture	learning/PICTURE_488.jpg;Knufi;Knusap;i;block1;LS1	619088	0	1	25163	1	0	25000	other	0
1234567890ß	8	Port Input	115	622248	3160	1
1234567890ß	8	Pulse	30	622248	3160	1
1234567890ß	8	Port Input	115	632324	13236	1
1234567890ß	8	Pulse	30	632324	13236	1
1234567890ß	8	Port Input	115	642240	23152	1
1234567890ß	8	Pulse	30	642240	23152	1
1234567890ß	9	Picture	Zu spät, das ist Knusap	644419	0	1	20331	1	0	next	other	0
1234567890ß	9	Port Input	115	652316	7898	1
1234567890ß	9	Pulse	30	652316	7898	1
1234567890ß	9	Port Input	115	662232	17813	1
1234567890ß	9	Pulse	30	662232	17813	1
1234567890ß	10	Picture	learning/PICTURE_15.jpg;Klentant;Klenter;i;block1;LS1	664749	0	1	25163	1	0	25000	other	0
1234567890ß	10	Port Input	115	672308	7559	1
1234567890ß	10	Pulse	30	672308	7559	1
1234567890ß	10	Port Input	115	682224	17475	1
1234567890ß	10	Pulse	30	682224	17475	1
1234567890ß	11	Picture	Zu spät, das ist Klenter	690079	0	1	20331	1	0	next	other	0
1234567890ß	11	Port Input	115	692300	2220	1
1234567890ß	11	Pulse	30	692300	2220	1
1234567890ß	11	Port Input	115	702216	12137	1
1234567890ß	11	Pulse	30	702216	12137	1
1234567890ß	12	Picture	learning/PICTURE_695.jpg;Joten;Joten;c;block1;LS1	710410	0	1	25163	1	0	25000	other	0
1234567890ß	12	Port Input	115	712292	1881	1
1234567890ß	12	Pulse	30	712292	1881	1
1234567890ß	12	Port Input	115	722208	11798	1
1234567890ß	12	Pulse	30	722208	11798	1
1234567890ß	12	Port Input	115	732283	21873	1
1234567890ß	12	Pulse	30	732283	21873	1
1234567890ß	13	Picture	Zu spät, das ist Joten	735740	0	1	20331	1	0	next	other	0
1234567890ß	13	Port Input	115	742199	6459	1
1234567890ß	13	Pulse	30	742199	6459	1
1234567890ß	13	Port Input	115	752275	16535	1
1234567890ß	13	Pulse	30	752275	16535	1
1234567890ß	14	Picture	learning/PICTURE_508.jpg;Jehler;Jehler;c;block1;LS1	756071	0	1	25163	1	0	25000	other	0
1234567890ß	14	Port Input	115	762191	6120	1
1234567890ß	14	Pulse	30	762191	6120	1
1234567890ß	14	Port Input	115	772267	16196	1
1234567890ß	14	Pulse	30	772267	16196	1
1234567890ß	15	Picture	Zu spät, das ist Jehler	781401	0	1	20331	1	0	next	other	0
1234567890ß	15	Port Input	115	782342	941	1
1234567890ß	15	Pulse	30	782342	941	1
1234567890ß	15	Port Input	115	792259	10858	1
1234567890ß	15	Pulse	30	792259	10858	1
1234567890ß	16	Picture	learning/PICTURE_95.jpg;Muschot;Munem;i;block1;LS1	801732	0	1	25163	1	0	25000	other	0
1234567890ß	16	Port Input	115	802334	602	1
1234567890ß	16	Pulse	30	802334	602	1
1234567890ß	16	Port Input	115	812250	10518	1
1234567890ß	16	Pulse	30	812250	10518	1
1234567890ß	16	Port Input	115	822325	20594	1
1234567890ß	16	Pulse	30	822325	20594	1
1234567890ß	17	Picture	Zu spät, das ist Munem	827062	0	1	20331	1	0	next	other	0
1234567890ß	17	Port Input	115	832241	5180	1
1234567890ß	17	Pulse	30	832241	5180	1
1234567890ß	17	Port Input	115	842317	15255	1
1234567890ß	17	Pulse	30	842317	15255	1
1234567890ß	18	Picture	learning/PICTURE_15.jpg;Klenter;Klenter;c;block1;LS1	847393	0	1	25163	1	0	25000	other	0
1234567890ß	18	Port Input	115	852233	4840	1
1234567890ß	18	Pulse	30	852233	4840	1
1234567890ß	18	Port Input	115	862309	14916	1
1234567890ß	18	Pulse	30	862309	14916	1
1234567890ß	19	Picture	Zu spät, das ist Klenter	872723	0	1	23168	1	0	next	other	0
1234567890ß	19	Quit		890350	17627	NA


Event Type	Code	Type	Response	RT	RT Uncertainty	Time	Uncertainty	Duration	Uncertainty	ReqTime	ReqDur

Picture	Hello - Intro	other				10333	1	382118	1	0	next
Picture	fix	other				392451	1	45161	1	0	next
Picture	fix	other				437612	1	45161	1	0	next
Picture	fix	other				482773	1	45328	1	0	next
Picture	bubbles/learning.jpg	other				528100	1	45328	1	0	next
Picture	learning/PICTURE_695.jpg;Joper;Joten;i;block1;LS1	other				573428	1	25163	1	0	25000
Picture	Zu spät, das ist Joten	other				598758	1	20331	1	0	next
Picture	learning/PICTURE_488.jpg;Knufi;Knusap;i;block1;LS1	other				619088	1	25163	1	0	25000
Picture	Zu spät, das ist Knusap	other				644419	1	20331	1	0	next
Picture	learning/PICTURE_15.jpg;Klentant;Klenter;i;block1;LS1	other				664749	1	25163	1	0	25000
Picture	Zu spät, das ist Klenter	other				690079	1	20331	1	0	next
Picture	learning/PICTURE_695.jpg;Joten;Joten;c;block1;LS1	other				710410	1	25163	1	0	25000
Picture	Zu spät, das ist Joten	other				735740	1	20331	1	0	next
Picture	learning/PICTURE_508.jpg;Jehler;Jehler;c;block1;LS1	other				756071	1	25163	1	0	25000
Picture	Zu spät, das ist Jehler	other				781401	1	20331	1	0	next
Picture	learning/PICTURE_95.jpg;Muschot;Munem;i;block1;LS1	other				801732	1	25163	1	0	25000
Picture	Zu spät, das ist Munem	other				827062	1	20331	1	0	next
Picture	learning/PICTURE_15.jpg;Klenter;Klenter;c;block1;LS1	other				847393	1	25163	1	0	25000
Picture	Zu spät, das ist Klenter	other				872723	1	23168	1	0	next


{
   "app": "Presentation Version 24.0 Build 07.19.23",
   "device": "Dell Inc. Latitude 3410",
   "experiment": "",
   "os": "Windows 10 64 bit",
   "package": "",
   "parameters": {
      "configuration": "Default configuration"
   },
   "scenario": "03_learning_final.sce",
   "subject": "1234567890ß",
   "timestamp": "2025/06/18 13:45:31 GMT"
}
