Scenario - block_1
Logfile written - 06/09/2024 14:39:55

Subject	Trial	Event Type	Code	Time	TTime	Uncertainty	Duration	Uncertainty	ReqTime	ReqDur	Stim Type	Pair Index

123456789	1	Picture	Hello - Intro	10500	0	1	644085	1	0	next	other	0
123456789	1	Port Input	98	363486	352986	1
123456789	1	Response	1	363486	352986	1
123456789	1	Port Input	98	368444	357944	1
123456789	1	Response	1	368444	357944	1
123456789	1	Port Input	115	624499	614000	1
123456789	1	Pulse	30	624499	614000	1
123456789	1	Port Input	115	634421	623922	1
123456789	1	Pulse	30	634421	623922	1
123456789	1	Port Input	115	644491	633991	1
123456789	1	Pulse	30	644491	633991	1
123456789	1	Port Input	115	654407	643907	1
123456789	1	Pulse	30	654407	643907	1
123456789	2	Picture	fix	654584	0	1	45161	1	0	next	other	0
123456789	2	Port Input	115	664482	9898	1
123456789	2	Pulse	30	664482	9898	1
123456789	2	Port Input	115	674398	19814	1
123456789	2	Pulse	30	674398	19814	1
123456789	2	Port Input	115	684474	29890	1
123456789	2	Pulse	30	684474	29890	1
123456789	2	Port Input	115	694550	39965	1
123456789	2	Pulse	30	694550	39965	1
123456789	3	Picture	fix	699745	0	1	45161	1	0	next	other	0
123456789	3	Port Input	115	704465	4720	1
123456789	3	Pulse	30	704465	4720	1
123456789	3	Port Input	115	714541	14795	1
123456789	3	Pulse	30	714541	14795	1
123456789	3	Port Input	115	724457	24712	1
123456789	3	Pulse	30	724457	24712	1
123456789	3	Port Input	115	734533	34788	1
123456789	3	Pulse	30	734533	34788	1
123456789	3	Port Input	115	744448	44703	1
123456789	3	Pulse	30	744448	44703	1
123456789	4	Picture	fix	744906	0	1	45328	1	0	next	other	0
123456789	4	Port Input	115	754524	9618	1
123456789	4	Pulse	30	754524	9618	1
123456789	4	Port Input	115	764439	19533	1
123456789	4	Pulse	30	764439	19533	1
123456789	4	Port Input	115	774515	29609	1
123456789	4	Pulse	30	774515	29609	1
123456789	4	Port Input	115	784431	39525	1
123456789	4	Pulse	30	784431	39525	1
123456789	5	Picture	bubbles/learning.png	790234	0	1	45827	1	0	next	other	0
123456789	5	Port Input	115	794507	4274	1
123456789	5	Pulse	30	794507	4274	1
123456789	5	Port Input	115	804423	14189	1
123456789	5	Pulse	30	804423	14189	1
123456789	5	Port Input	115	814499	24265	1
123456789	5	Pulse	30	814499	24265	1
123456789	5	Port Input	115	824415	34181	1
123456789	5	Pulse	30	824415	34181	1
123456789	5	Port Input	115	834491	44258	1
123456789	5	Pulse	30	834491	44258	1
123456789	6	Picture	h80_p25_i_down_right.jpg;block1;LS1	836061	0	1	9665	1	0	next	other	0
123456789	6	Port Input	115	844407	8346	1
123456789	6	Pulse	30	844407	8346	1
123456789	6	Port Input	98	844887	8826	1
123456789	6	Response	1	844887	8826	1
123456789	7	Picture	extra Pic Time	845727	0	1	16331	1	0	next	other	0
123456789	7	Port Input	115	854483	8756	1
123456789	7	Pulse	30	854483	8756	1
123456789	8	Picture	incorrect;h80_p30_k_down_q2_right.jpg	862058	0	1	20831	1	0	next	other	0
123456789	8	Port Input	115	864398	2340	1
123456789	8	Pulse	30	864398	2340	1
123456789	8	Port Input	115	874474	12416	1
123456789	8	Pulse	30	874474	12416	1
123456789	9	Picture	h95_p26_i_down_right.jpg;block1;LS1	882888	0	1	6333	1	0	next	other	0
123456789	9	Port Input	115	884550	1661	1
123456789	9	Pulse	30	884550	1661	1
123456789	9	Port Input	97	888388	5500	1
123456789	9	Response	2	888388	5500	1
123456789	10	Picture	extra Pic Time	889221	0	1	19664	1	0	next	other	0
123456789	10	Port Input	115	894466	5245	1
123456789	10	Pulse	30	894466	5245	1
123456789	10	Port Input	115	904542	15321	1
123456789	10	Pulse	30	904542	15321	1
123456789	11	Picture	correct;h95_p32_k_down_q2_right.jpg	908885	0	1	20831	1	0	next	other	0
123456789	11	Port Input	115	914458	5572	1
123456789	11	Pulse	30	914458	5572	1
123456789	11	Port Input	115	924534	15649	1
123456789	11	Pulse	30	924534	15649	1
123456789	12	Picture	h88_p36_i_down_left.jpg;block1;LS1	929716	0	1	5833	1	0	next	other	0
123456789	12	Port Input	115	934450	4734	1
123456789	12	Pulse	30	934450	4734	1
123456789	12	Port Input	97	934610	4894	1
123456789	12	Response	2	934610	4894	1
123456789	13	Picture	extra Pic Time	935548	0	1	20331	1	0	next	other	0
123456789	13	Port Input	115	944526	8977	1
123456789	13	Pulse	30	944526	8977	1
123456789	13	Port Input	115	954442	18894	1
123456789	13	Pulse	30	954442	18894	1
123456789	14	Picture	correct;h88_p35_k_down_q1_left.jpg	955879	0	1	20997	1	0	next	other	0
123456789	14	Port Input	115	964518	8639	1
123456789	14	Pulse	30	964518	8639	1
123456789	14	Port Input	115	974434	18554	1
123456789	14	Pulse	30	974434	18554	1
123456789	15	Picture	h84_p6_i_down_right.jpg;block1;LS1	976877	0	1	25830	1	0	next	other	0
123456789	15	Port Input	115	984503	7626	15
123456789	15	Pulse	30	984503	7626	15
123456789	16	Picture	to late	1002707	0	1	46494	1	0	next	other	0
123456789	16	Quit		1016035	13328	NA


Event Type	Code	Type	Response	RT	RT Uncertainty	Time	Uncertainty	Duration	Uncertainty	ReqTime	ReqDur

Picture	Hello - Intro	other				10500	1	644085	1	0	next
Picture	fix	other				654584	1	45161	1	0	next
Picture	fix	other				699745	1	45161	1	0	next
Picture	fix	other				744906	1	45328	1	0	next
Picture	bubbles/learning.png	other				790234	1	45827	1	0	next
Picture	h80_p25_i_down_right.jpg;block1;LS1	other				836061	1	9665	1	0	next
Picture	extra Pic Time	other				845727	1	16331	1	0	next
Picture	incorrect;h80_p30_k_down_q2_right.jpg	other				862058	1	20831	1	0	next
Picture	h95_p26_i_down_right.jpg;block1;LS1	other				882888	1	6333	1	0	next
Picture	extra Pic Time	other				889221	1	19664	1	0	next
Picture	correct;h95_p32_k_down_q2_right.jpg	other				908885	1	20831	1	0	next
Picture	h88_p36_i_down_left.jpg;block1;LS1	other				929716	1	5833	1	0	next
Picture	extra Pic Time	other				935548	1	20331	1	0	next
Picture	correct;h88_p35_k_down_q1_left.jpg	other				955879	1	20997	1	0	next
Picture	h84_p6_i_down_right.jpg;block1;LS1	other				976877	1	25830	1	0	next
Picture	to late	other				1002707	1	46494	1	0	next


{
   "app": "Presentation Version 24.0 Build 07.19.23",
   "device": "Dell Inc. Latitude 3410",
   "experiment": "",
   "os": "Windows 10 64 bit",
   "package": "",
   "parameters": {
      "configuration": "Default configuration"
   },
   "scenario": "03_learning.sce",
   "subject": "123456789",
   "timestamp": "2024/06/09 12:38:07 GMT"
}
