Scenario - fMRI-SET-1
Logfile written - 10/05/2023 14:41:24

Subject	Pulse	Event Type	Code	Time	TTime	Uncertainty	Duration	Uncertainty	ReqTime	ReqDur	Stim Type	Pair Index

tst	0	Picture	Hello - Intro	10500	10500	1	1163872	1	0	next	other	0
tst	0	Quit		1168192	1168192	NA


Event Type	Code	Type	Response	RT	RT Uncertainty	Time	Uncertainty	Duration	Uncertainty	ReqTime	ReqDur

Picture	Hello - Intro	other				10500	1	1163872	1	0	next


{
   "app": "Presentation Version 20.1 Build 12.04.17",
   "device": "Microsoft Corporation Surface Pro 7+",
   "experiment": "",
   "os": "Windows 10 64 bit",
   "package": "",
   "parameters": {
      "configuration": "Default configuration"
   },
   "scenario": "03_learning_final.sce",
   "subject": "tst",
   "timestamp": "2023/10/05 12:39:24 GMT"
}
